2016/12/01 23:02:25 [error] [exception.CException] exception 'CException' with message 'Property "CWebUser.rol" is not defined.' in /Applications/XAMPP/xamppfiles/htdocs/yii/framework/base/CComponent.php:130
Stack trace:
#0 /Applications/XAMPP/xamppfiles/htdocs/yii/framework/web/auth/CWebUser.php(146): CComponent->__get('rol')
#1 /Applications/XAMPP/xamppfiles/htdocs/yii/framework/base/CComponent.php(612) : eval()'d code(1): CWebUser->__get('rol')
#2 /Applications/XAMPP/xamppfiles/htdocs/yii/framework/base/CComponent.php(612): eval()
#3 /Applications/XAMPP/xamppfiles/htdocs/yii/framework/web/auth/CAccessControlFilter.php(392): CComponent->evaluateExpression('Yii::app()->use...', Array)
#4 /Applications/XAMPP/xamppfiles/htdocs/yii/framework/web/auth/CAccessControlFilter.php(288): CAccessRule->isExpressionMatched(Object(CWebUser))
#5 /Applications/XAMPP/xamppfiles/htdocs/yii/framework/web/auth/CAccessControlFilter.php(138): CAccessRule->isUserAllowed(Object(CWebUser), Object(solicitudPController), Object(CInlineAction), '::1', 'GET')
#6 /Applications/XAMPP/xamppfiles/htdocs/yii/framework/web/filters/CFilter.php(38): CAccessControlFilter->preFilter(Object(CFilterChain))
#7 /Applications/XAMPP/xamppfiles/htdocs/yii/framework/web/CController.php(1145): CFilter->filter(Object(CFilterChain))
#8 /Applications/XAMPP/xamppfiles/htdocs/yii/framework/web/filters/CInlineFilter.php(58): CController->filterAccessControl(Object(CFilterChain))
#9 /Applications/XAMPP/xamppfiles/htdocs/yii/framework/web/filters/CFilterChain.php(130): CInlineFilter->filter(Object(CFilterChain))
#10 /Applications/XAMPP/xamppfiles/htdocs/yii/framework/web/CController.php(291): CFilterChain->run()
#11 /Applications/XAMPP/xamppfiles/htdocs/yii/framework/web/CController.php(265): CController->runActionWithFilters(Object(CInlineAction), Array)
#12 /Applications/XAMPP/xamppfiles/htdocs/yii/framework/web/CWebApplication.php(282): CController->run('AjaxPageControl')
#13 /Applications/XAMPP/xamppfiles/htdocs/yii/framework/web/CWebApplication.php(141): CWebApplication->runController('SolicitudP/Ajax...')
#14 /Applications/XAMPP/xamppfiles/htdocs/yii/framework/base/CApplication.php(180): CWebApplication->processRequest()
#15 /Applications/XAMPP/xamppfiles/htdocs/yii/espumred/index.php(14): CApplication->run()
#16 {main}
REQUEST_URI=/yii/espumred/index.php?r=SolicitudP/AjaxPageControl&Tajax=Dragonizado&type=1
HTTP_REFERER=http://localhost/yii/Espumred/index.php?r=solicitudP/test
---
2016/12/03 13:28:09 [error] [exception.CException] exception 'CException' with message 'Property "CWebUser.rol" is not defined.' in /Applications/XAMPP/xamppfiles/htdocs/yii/framework/base/CComponent.php:130
Stack trace:
#0 /Applications/XAMPP/xamppfiles/htdocs/yii/framework/web/auth/CWebUser.php(146): CComponent->__get('rol')
#1 /Applications/XAMPP/xamppfiles/htdocs/yii/framework/base/CComponent.php(612) : eval()'d code(1): CWebUser->__get('rol')
#2 /Applications/XAMPP/xamppfiles/htdocs/yii/framework/base/CComponent.php(612): eval()
#3 /Applications/XAMPP/xamppfiles/htdocs/yii/framework/web/auth/CAccessControlFilter.php(392): CComponent->evaluateExpression('Yii::app()->use...', Array)
#4 /Applications/XAMPP/xamppfiles/htdocs/yii/framework/web/auth/CAccessControlFilter.php(288): CAccessRule->isExpressionMatched(Object(CWebUser))
#5 /Applications/XAMPP/xamppfiles/htdocs/yii/framework/web/auth/CAccessControlFilter.php(138): CAccessRule->isUserAllowed(Object(CWebUser), Object(solicitudPController), Object(CInlineAction), '::1', 'GET')
#6 /Applications/XAMPP/xamppfiles/htdocs/yii/framework/web/filters/CFilter.php(38): CAccessControlFilter->preFilter(Object(CFilterChain))
#7 /Applications/XAMPP/xamppfiles/htdocs/yii/framework/web/CController.php(1145): CFilter->filter(Object(CFilterChain))
#8 /Applications/XAMPP/xamppfiles/htdocs/yii/framework/web/filters/CInlineFilter.php(58): CController->filterAccessControl(Object(CFilterChain))
#9 /Applications/XAMPP/xamppfiles/htdocs/yii/framework/web/filters/CFilterChain.php(130): CInlineFilter->filter(Object(CFilterChain))
#10 /Applications/XAMPP/xamppfiles/htdocs/yii/framework/web/CController.php(291): CFilterChain->run()
#11 /Applications/XAMPP/xamppfiles/htdocs/yii/framework/web/CController.php(265): CController->runActionWithFilters(Object(CInlineAction), Array)
#12 /Applications/XAMPP/xamppfiles/htdocs/yii/framework/web/CWebApplication.php(282): CController->run('test')
#13 /Applications/XAMPP/xamppfiles/htdocs/yii/framework/web/CWebApplication.php(141): CWebApplication->runController('solicitudP/test')
#14 /Applications/XAMPP/xamppfiles/htdocs/yii/framework/base/CApplication.php(180): CWebApplication->processRequest()
#15 /Applications/XAMPP/xamppfiles/htdocs/yii/espumred/index.php(14): CApplication->run()
#16 {main}
REQUEST_URI=/yii/espumred/index.php?r=solicitudP/test
---
<<<<<<< HEAD
=======
2016/12/01 13:17:05 [error] [exception.CException] exception 'CException' with message 'Property "CWebUser.rol" is not defined.' in D:\xampp\htdocs\yii\framework\base\CComponent.php:130
Stack trace:
#0 D:\xampp\htdocs\yii\framework\web\auth\CWebUser.php(146): CComponent->__get('rol')
#1 D:\xampp\htdocs\yii\framework\base\CComponent.php(612) : eval()'d code(1): CWebUser->__get('rol')
#2 D:\xampp\htdocs\yii\framework\base\CComponent.php(612): eval()
#3 D:\xampp\htdocs\yii\framework\web\auth\CAccessControlFilter.php(392): CComponent->evaluateExpression('Yii::app()->use...', Array)
#4 D:\xampp\htdocs\yii\framework\web\auth\CAccessControlFilter.php(288): CAccessRule->isExpressionMatched(Object(CWebUser))
#5 D:\xampp\htdocs\yii\framework\web\auth\CAccessControlFilter.php(138): CAccessRule->isUserAllowed(Object(CWebUser), Object(solicitudPController), Object(CInlineAction), '192.168.1.105', 'GET')
#6 D:\xampp\htdocs\yii\framework\web\filters\CFilter.php(38): CAccessControlFilter->preFilter(Object(CFilterChain))
#7 D:\xampp\htdocs\yii\framework\web\CController.php(1145): CFilter->filter(Object(CFilterChain))
#8 D:\xampp\htdocs\yii\framework\web\filters\CInlineFilter.php(58): CController->filterAccessControl(Object(CFilterChain))
#9 D:\xampp\htdocs\yii\framework\web\filters\CFilterChain.php(130): CInlineFilter->filter(Object(CFilterChain))
#10 D:\xampp\htdocs\yii\framework\web\CController.php(291): CFilterChain->run()
#11 D:\xampp\htdocs\yii\framework\web\CController.php(265): CController->runActionWithFilters(Object(CInlineAction), Array)
#12 D:\xampp\htdocs\yii\framework\web\CWebApplication.php(282): CController->run('Ajaxcalculator')
#13 D:\xampp\htdocs\yii\framework\web\CWebApplication.php(141): CWebApplication->runController('solicitudP/Ajax...')
#14 D:\xampp\htdocs\yii\framework\base\CApplication.php(180): CWebApplication->processRequest()
#15 D:\xampp\htdocs\yii\Espumred\index.php(14): CApplication->run()
#16 {main}
REQUEST_URI=/yii/espumred/index.php?r=solicitudP/Ajaxcalculator&Tajax=Dragonizado&term=COL+SENSAF+C30+100X180X22+ALG&V=90040000
---
2016/12/01 13:17:05 [error] [exception.CException] exception 'CException' with message 'Property "CWebUser.rol" is not defined.' in D:\xampp\htdocs\yii\framework\base\CComponent.php:130
Stack trace:
#0 D:\xampp\htdocs\yii\framework\web\auth\CWebUser.php(146): CComponent->__get('rol')
#1 D:\xampp\htdocs\yii\framework\base\CComponent.php(612) : eval()'d code(1): CWebUser->__get('rol')
#2 D:\xampp\htdocs\yii\framework\base\CComponent.php(612): eval()
#3 D:\xampp\htdocs\yii\framework\web\auth\CAccessControlFilter.php(392): CComponent->evaluateExpression('Yii::app()->use...', Array)
#4 D:\xampp\htdocs\yii\framework\web\auth\CAccessControlFilter.php(288): CAccessRule->isExpressionMatched(Object(CWebUser))
#5 D:\xampp\htdocs\yii\framework\web\auth\CAccessControlFilter.php(138): CAccessRule->isUserAllowed(Object(CWebUser), Object(solicitudPController), Object(CInlineAction), '192.168.1.105', 'GET')
#6 D:\xampp\htdocs\yii\framework\web\filters\CFilter.php(38): CAccessControlFilter->preFilter(Object(CFilterChain))
#7 D:\xampp\htdocs\yii\framework\web\CController.php(1145): CFilter->filter(Object(CFilterChain))
#8 D:\xampp\htdocs\yii\framework\web\filters\CInlineFilter.php(58): CController->filterAccessControl(Object(CFilterChain))
#9 D:\xampp\htdocs\yii\framework\web\filters\CFilterChain.php(130): CInlineFilter->filter(Object(CFilterChain))
#10 D:\xampp\htdocs\yii\framework\web\CController.php(291): CFilterChain->run()
#11 D:\xampp\htdocs\yii\framework\web\CController.php(265): CController->runActionWithFilters(Object(CInlineAction), Array)
#12 D:\xampp\htdocs\yii\framework\web\CWebApplication.php(282): CController->run('ajaxcalculator')
#13 D:\xampp\htdocs\yii\framework\web\CWebApplication.php(141): CWebApplication->runController('solicitudP/ajax...')
#14 D:\xampp\htdocs\yii\framework\base\CApplication.php(180): CWebApplication->processRequest()
#15 D:\xampp\htdocs\yii\Espumred\index.php(14): CApplication->run()
#16 {main}
REQUEST_URI=/yii/espumred/index.php?r=solicitudP/ajaxcalculator&Tajax=Dragonizado&term=LAM+CAS+138,0x188,0x010,0&V=80001545
---
2016/12/01 13:26:54 [warning] [application] Failed to set unsafe attribute "fecha_inicio" of "Experiencialaboral".
in D:\xampp\htdocs\yii\Espumred\protected\controllers\ExperiencialaboralController.php (65)
in D:\xampp\htdocs\yii\Espumred\index.php (14)
2016/12/01 13:26:54 [warning] [application] Failed to set unsafe attribute "fecha_retiro" of "Experiencialaboral".
in D:\xampp\htdocs\yii\Espumred\protected\controllers\ExperiencialaboralController.php (65)
in D:\xampp\htdocs\yii\Espumred\index.php (14)
2016/12/01 13:28:44 [error] [system.db.CDbCommand] CDbCommand::execute() failed: SQLSTATE[23000]: Integrity constraint violation: 1452 Cannot add or update a child row: a foreign key constraint fails (`espumred`.`informacionempleado`, CONSTRAINT `informacionpersonal` FOREIGN KEY (`informacionPersonal`) REFERENCES `informacionpersonal` (`cc`) ON DELETE NO ACTION ON UPDATE NO ACTION). The SQL statement executed was: INSERT INTO `informacionempleado` (`codigoNomina`, `estado`, `numeroCuenta`, `carnet`, `area`, `cargo`, `fechaFinalizacionRetiro`, `InformacionEconomica`, `informacionAcademica`, `informacionPersonal`, `informacionFamiliar`, `InformacionVivienda`, `motivoRetiro`, `estadoEstudiantil`, `seguridadSocial`, `contrato`, `vehiculo`, `contactoEmergencia`, `telefonoContacto`, `id`, `dotacion`, `experiencialaboral`) VALUES (:yp0, :yp1, :yp2, :yp3, :yp4, :yp5, :yp6, :yp7, :yp8, :yp9, :yp10, :yp11, :yp12, :yp13, :yp14, :yp15, :yp16, :yp17, :yp18, :yp19, :yp20, :yp21).
in D:\xampp\htdocs\yii\Espumred\protected\controllers\InformacionempleadoController.php (182)
in D:\xampp\htdocs\yii\Espumred\index.php (14)
2016/12/01 13:28:44 [error] [exception.CDbException] exception 'CDbException' with message 'CDbCommand failed to execute to SQL statement: SQLSTATE[23000]: Integrity constraint violation: 1452 Cannot add or update a child row: a foreign key constraint fails (`espumred`.`informacionempleado`, CONSTRAINT `informacionpersonal` FOREIGN KEY (`informacionPersonal`) REFERENCES `informacionpersonal` (`cc`) ON DELETE NO ACTION ON UPDATE NO ACTION). The SQL statement executed was: INSERT INTO `informacionempleado` (`codigoNomina`, `estado`, `numeroCuenta`, `carnet`, `area`, `cargo`, `fechaFinalizacionRetiro`, `InformacionEconomica`, `informacionAcademica`, `informacionPersonal`, `informacionFamiliar`, `InformacionVivienda`, `motivoRetiro`, `estadoEstudiantil`, `seguridadSocial`, `contrato`, `vehiculo`, `contactoEmergencia`, `telefonoContacto`, `id`, `dotacion`, `experiencialaboral`) VALUES (:yp0, :yp1, :yp2, :yp3, :yp4, :yp5, :yp6, :yp7, :yp8, :yp9, :yp10, :yp11, :yp12, :yp13, :yp14, :yp15, :yp16, :yp17, :yp18, :yp19, :yp20, :yp21)' in D:\xampp\htdocs\yii\framework\db\CDbCommand.php:359
Stack trace:
#0 D:\xampp\htdocs\yii\framework\db\ar\CActiveRecord.php(1077): CDbCommand->execute()
#1 D:\xampp\htdocs\yii\framework\db\ar\CActiveRecord.php(806): CActiveRecord->insert(NULL)
#2 D:\xampp\htdocs\yii\Espumred\protected\controllers\InformacionempleadoController.php(182): CActiveRecord->save()
#3 D:\xampp\htdocs\yii\framework\web\actions\CInlineAction.php(49): InformacionempleadoController->actionCreate()
#4 D:\xampp\htdocs\yii\framework\web\CController.php(308): CInlineAction->runWithParams(Array)
#5 D:\xampp\htdocs\yii\framework\web\filters\CFilterChain.php(133): CController->runAction(Object(CInlineAction))
#6 D:\xampp\htdocs\yii\framework\web\filters\CFilter.php(40): CFilterChain->run()
#7 D:\xampp\htdocs\yii\framework\web\CController.php(1145): CFilter->filter(Object(CFilterChain))
#8 D:\xampp\htdocs\yii\framework\web\filters\CInlineFilter.php(58): CController->filterAccessControl(Object(CFilterChain))
#9 D:\xampp\htdocs\yii\framework\web\filters\CFilterChain.php(130): CInlineFilter->filter(Object(CFilterChain))
#10 D:\xampp\htdocs\yii\framework\web\CController.php(291): CFilterChain->run()
#11 D:\xampp\htdocs\yii\framework\web\CController.php(265): CController->runActionWithFilters(Object(CInlineAction), Array)
#12 D:\xampp\htdocs\yii\framework\web\CWebApplication.php(282): CController->run('create')
#13 D:\xampp\htdocs\yii\framework\web\CWebApplication.php(141): CWebApplication->runController('informacionempl...')
#14 D:\xampp\htdocs\yii\framework\base\CApplication.php(180): CWebApplication->processRequest()
#15 D:\xampp\htdocs\yii\Espumred\index.php(14): CApplication->run()
#16 {main}
REQUEST_URI=/yii/espumred/index.php?r=informacionempleado/create&id=
HTTP_REFERER=http://192.168.1.8/yii/espumred/index.php?r=informacionempleado/create&id=
---
2016/12/01 13:33:36 [error] [system.db.CDbCommand] CDbCommand::execute() failed: SQLSTATE[23000]: Integrity constraint violation: 1452 Cannot add or update a child row: a foreign key constraint fails (`espumred`.`informacionempleado`, CONSTRAINT `informacionpersonal` FOREIGN KEY (`informacionPersonal`) REFERENCES `informacionpersonal` (`cc`) ON DELETE NO ACTION ON UPDATE NO ACTION). The SQL statement executed was: INSERT INTO `informacionempleado` (`codigoNomina`, `estado`, `numeroCuenta`, `carnet`, `area`, `cargo`, `fechaFinalizacionRetiro`, `InformacionEconomica`, `informacionAcademica`, `informacionPersonal`, `informacionFamiliar`, `InformacionVivienda`, `motivoRetiro`, `estadoEstudiantil`, `seguridadSocial`, `contrato`, `vehiculo`, `contactoEmergencia`, `telefonoContacto`, `id`, `dotacion`, `experiencialaboral`) VALUES (:yp0, :yp1, :yp2, :yp3, :yp4, :yp5, :yp6, :yp7, :yp8, :yp9, :yp10, :yp11, :yp12, :yp13, :yp14, :yp15, :yp16, :yp17, :yp18, :yp19, :yp20, :yp21).
in D:\xampp\htdocs\yii\Espumred\protected\controllers\InformacionempleadoController.php (183)
in D:\xampp\htdocs\yii\Espumred\index.php (14)
2016/12/01 13:33:36 [error] [exception.CDbException] exception 'CDbException' with message 'CDbCommand failed to execute to SQL statement: SQLSTATE[23000]: Integrity constraint violation: 1452 Cannot add or update a child row: a foreign key constraint fails (`espumred`.`informacionempleado`, CONSTRAINT `informacionpersonal` FOREIGN KEY (`informacionPersonal`) REFERENCES `informacionpersonal` (`cc`) ON DELETE NO ACTION ON UPDATE NO ACTION). The SQL statement executed was: INSERT INTO `informacionempleado` (`codigoNomina`, `estado`, `numeroCuenta`, `carnet`, `area`, `cargo`, `fechaFinalizacionRetiro`, `InformacionEconomica`, `informacionAcademica`, `informacionPersonal`, `informacionFamiliar`, `InformacionVivienda`, `motivoRetiro`, `estadoEstudiantil`, `seguridadSocial`, `contrato`, `vehiculo`, `contactoEmergencia`, `telefonoContacto`, `id`, `dotacion`, `experiencialaboral`) VALUES (:yp0, :yp1, :yp2, :yp3, :yp4, :yp5, :yp6, :yp7, :yp8, :yp9, :yp10, :yp11, :yp12, :yp13, :yp14, :yp15, :yp16, :yp17, :yp18, :yp19, :yp20, :yp21)' in D:\xampp\htdocs\yii\framework\db\CDbCommand.php:359
Stack trace:
#0 D:\xampp\htdocs\yii\framework\db\ar\CActiveRecord.php(1077): CDbCommand->execute()
#1 D:\xampp\htdocs\yii\framework\db\ar\CActiveRecord.php(806): CActiveRecord->insert(NULL)
#2 D:\xampp\htdocs\yii\Espumred\protected\controllers\InformacionempleadoController.php(183): CActiveRecord->save()
#3 D:\xampp\htdocs\yii\framework\web\actions\CInlineAction.php(49): InformacionempleadoController->actionCreate()
#4 D:\xampp\htdocs\yii\framework\web\CController.php(308): CInlineAction->runWithParams(Array)
#5 D:\xampp\htdocs\yii\framework\web\filters\CFilterChain.php(133): CController->runAction(Object(CInlineAction))
#6 D:\xampp\htdocs\yii\framework\web\filters\CFilter.php(40): CFilterChain->run()
#7 D:\xampp\htdocs\yii\framework\web\CController.php(1145): CFilter->filter(Object(CFilterChain))
#8 D:\xampp\htdocs\yii\framework\web\filters\CInlineFilter.php(58): CController->filterAccessControl(Object(CFilterChain))
#9 D:\xampp\htdocs\yii\framework\web\filters\CFilterChain.php(130): CInlineFilter->filter(Object(CFilterChain))
#10 D:\xampp\htdocs\yii\framework\web\CController.php(291): CFilterChain->run()
#11 D:\xampp\htdocs\yii\framework\web\CController.php(265): CController->runActionWithFilters(Object(CInlineAction), Array)
#12 D:\xampp\htdocs\yii\framework\web\CWebApplication.php(282): CController->run('create')
#13 D:\xampp\htdocs\yii\framework\web\CWebApplication.php(141): CWebApplication->runController('informacionempl...')
#14 D:\xampp\htdocs\yii\framework\base\CApplication.php(180): CWebApplication->processRequest()
#15 D:\xampp\htdocs\yii\Espumred\index.php(14): CApplication->run()
#16 {main}
REQUEST_URI=/yii/espumred/index.php?r=informacionempleado/create&id=
HTTP_REFERER=http://192.168.1.8/yii/espumred/index.php?r=informacionempleado/create&id=
---
2016/12/01 13:48:42 [error] [php] Cannot modify header information - headers already sent by (output started at D:\xampp\htdocs\yii\Espumred\protected\controllers\InformacionempleadoController.php:182) (D:\xampp\htdocs\yii\framework\web\CHttpRequest.php:803)
Stack trace:
#0 D:\xampp\htdocs\yii\Espumred\protected\controllers\InformacionempleadoController.php(185): InformacionempleadoController->redirect()
#1 D:\xampp\htdocs\yii\framework\web\actions\CInlineAction.php(49): InformacionempleadoController->actionCreate()
#2 D:\xampp\htdocs\yii\framework\web\CController.php(308): CInlineAction->runWithParams()
#3 D:\xampp\htdocs\yii\framework\web\filters\CFilterChain.php(133): InformacionempleadoController->runAction()
#4 D:\xampp\htdocs\yii\framework\web\filters\CFilter.php(40): CFilterChain->run()
#5 D:\xampp\htdocs\yii\framework\web\CController.php(1145): CAccessControlFilter->filter()
#6 D:\xampp\htdocs\yii\framework\web\filters\CInlineFilter.php(58): InformacionempleadoController->filterAccessControl()
#7 D:\xampp\htdocs\yii\framework\web\filters\CFilterChain.php(130): CInlineFilter->filter()
#8 D:\xampp\htdocs\yii\framework\web\CController.php(291): CFilterChain->run()
#9 D:\xampp\htdocs\yii\framework\web\CController.php(265): InformacionempleadoController->runActionWithFilters()
#10 D:\xampp\htdocs\yii\framework\web\CWebApplication.php(282): InformacionempleadoController->run()
#11 D:\xampp\htdocs\yii\framework\web\CWebApplication.php(141): CWebApplication->runController()
#12 D:\xampp\htdocs\yii\framework\base\CApplication.php(180): CWebApplication->processRequest()
#13 D:\xampp\htdocs\yii\Espumred\index.php(14): CWebApplication->run()
REQUEST_URI=/yii/espumred/index.php?r=informacionempleado/create&id=
in D:\xampp\htdocs\yii\Espumred\protected\controllers\InformacionempleadoController.php (185)
in D:\xampp\htdocs\yii\Espumred\index.php (14)
2016/12/02 02:32:14 [error] [exception.CException] exception 'CException' with message 'Property "Informacionempleado.contrato" is not defined.' in D:\xampp\htdocs\Proyectos\EspumredEM\yii\framework\base\CComponent.php:130
Stack trace:
#0 D:\xampp\htdocs\Proyectos\EspumredEM\yii\framework\db\ar\CActiveRecord.php(145): CComponent->__get('contrato')
#1 D:\xampp\htdocs\Proyectos\EspumredEM\yii\framework\base\CModel.php(596): CActiveRecord->__get('contrato')
#2 D:\xampp\htdocs\Proyectos\EspumredEM\yii\Espumred\themes\classic2\views\site\index.php(47): CModel->offsetGet('contrato')
#3 D:\xampp\htdocs\Proyectos\EspumredEM\yii\framework\web\CBaseController.php(126): require('D:\\xampp\\htdocs...')
#4 D:\xampp\htdocs\Proyectos\EspumredEM\yii\framework\web\CBaseController.php(95): CBaseController->renderInternal('D:\\xampp\\htdocs...', NULL, true)
#5 D:\xampp\htdocs\Proyectos\EspumredEM\yii\framework\web\CController.php(869): CBaseController->renderFile('D:\\xampp\\htdocs...', NULL, true)
#6 D:\xampp\htdocs\Proyectos\EspumredEM\yii\framework\web\CController.php(782): CController->renderPartial('index', NULL, true)
#7 D:\xampp\htdocs\Proyectos\EspumredEM\yii\Espumred\protected\controllers\SiteController.php(39): CController->render('index')
#8 D:\xampp\htdocs\Proyectos\EspumredEM\yii\framework\web\actions\CInlineAction.php(49): SiteController->actionIndex()
#9 D:\xampp\htdocs\Proyectos\EspumredEM\yii\framework\web\CController.php(308): CInlineAction->runWithParams(Array)
#10 D:\xampp\htdocs\Proyectos\EspumredEM\yii\framework\web\CController.php(286): CController->runAction(Object(CInlineAction))
#11 D:\xampp\htdocs\Proyectos\EspumredEM\yii\framework\web\CController.php(265): CController->runActionWithFilters(Object(CInlineAction), Array)
#12 D:\xampp\htdocs\Proyectos\EspumredEM\yii\framework\web\CWebApplication.php(282): CController->run('')
#13 D:\xampp\htdocs\Proyectos\EspumredEM\yii\framework\web\CWebApplication.php(141): CWebApplication->runController('')
#14 D:\xampp\htdocs\Proyectos\EspumredEM\yii\framework\base\CApplication.php(180): CWebApplication->processRequest()
#15 D:\xampp\htdocs\Proyectos\EspumredEM\yii\Espumred\index.php(14): CApplication->run()
#16 {main}
REQUEST_URI=/Proyectos/EspumredEM/yii/Espumred/index.php
HTTP_REFERER=http://localhost:8080/Proyectos/EspumredEM/yii/Espumred/
---
2016/12/02 02:32:19 [error] [exception.CException] exception 'CException' with message 'Property "Informacionempleado.contrato" is not defined.' in D:\xampp\htdocs\Proyectos\EspumredEM\yii\framework\base\CComponent.php:130
Stack trace:
#0 D:\xampp\htdocs\Proyectos\EspumredEM\yii\framework\db\ar\CActiveRecord.php(145): CComponent->__get('contrato')
#1 D:\xampp\htdocs\Proyectos\EspumredEM\yii\framework\base\CModel.php(596): CActiveRecord->__get('contrato')
#2 D:\xampp\htdocs\Proyectos\EspumredEM\yii\Espumred\themes\classic2\views\site\index.php(47): CModel->offsetGet('contrato')
#3 D:\xampp\htdocs\Proyectos\EspumredEM\yii\framework\web\CBaseController.php(126): require('D:\\xampp\\htdocs...')
#4 D:\xampp\htdocs\Proyectos\EspumredEM\yii\framework\web\CBaseController.php(95): CBaseController->renderInternal('D:\\xampp\\htdocs...', NULL, true)
#5 D:\xampp\htdocs\Proyectos\EspumredEM\yii\framework\web\CController.php(869): CBaseController->renderFile('D:\\xampp\\htdocs...', NULL, true)
#6 D:\xampp\htdocs\Proyectos\EspumredEM\yii\framework\web\CController.php(782): CController->renderPartial('index', NULL, true)
#7 D:\xampp\htdocs\Proyectos\EspumredEM\yii\Espumred\protected\controllers\SiteController.php(39): CController->render('index')
#8 D:\xampp\htdocs\Proyectos\EspumredEM\yii\framework\web\actions\CInlineAction.php(49): SiteController->actionIndex()
#9 D:\xampp\htdocs\Proyectos\EspumredEM\yii\framework\web\CController.php(308): CInlineAction->runWithParams(Array)
#10 D:\xampp\htdocs\Proyectos\EspumredEM\yii\framework\web\CController.php(286): CController->runAction(Object(CInlineAction))
#11 D:\xampp\htdocs\Proyectos\EspumredEM\yii\framework\web\CController.php(265): CController->runActionWithFilters(Object(CInlineAction), Array)
#12 D:\xampp\htdocs\Proyectos\EspumredEM\yii\framework\web\CWebApplication.php(282): CController->run('')
#13 D:\xampp\htdocs\Proyectos\EspumredEM\yii\framework\web\CWebApplication.php(141): CWebApplication->runController('')
#14 D:\xampp\htdocs\Proyectos\EspumredEM\yii\framework\base\CApplication.php(180): CWebApplication->processRequest()
#15 D:\xampp\htdocs\Proyectos\EspumredEM\yii\Espumred\index.php(14): CApplication->run()
#16 {main}
REQUEST_URI=/Proyectos/EspumredEM/yii/Espumred/
---
2016/12/02 02:32:22 [error] [exception.CException] exception 'CException' with message 'Property "Informacionempleado.contrato" is not defined.' in D:\xampp\htdocs\Proyectos\EspumredEM\yii\framework\base\CComponent.php:130
Stack trace:
#0 D:\xampp\htdocs\Proyectos\EspumredEM\yii\framework\db\ar\CActiveRecord.php(145): CComponent->__get('contrato')
#1 D:\xampp\htdocs\Proyectos\EspumredEM\yii\framework\base\CModel.php(596): CActiveRecord->__get('contrato')
#2 D:\xampp\htdocs\Proyectos\EspumredEM\yii\Espumred\themes\classic2\views\site\index.php(47): CModel->offsetGet('contrato')
#3 D:\xampp\htdocs\Proyectos\EspumredEM\yii\framework\web\CBaseController.php(126): require('D:\\xampp\\htdocs...')
#4 D:\xampp\htdocs\Proyectos\EspumredEM\yii\framework\web\CBaseController.php(95): CBaseController->renderInternal('D:\\xampp\\htdocs...', NULL, true)
#5 D:\xampp\htdocs\Proyectos\EspumredEM\yii\framework\web\CController.php(869): CBaseController->renderFile('D:\\xampp\\htdocs...', NULL, true)
#6 D:\xampp\htdocs\Proyectos\EspumredEM\yii\framework\web\CController.php(782): CController->renderPartial('index', NULL, true)
#7 D:\xampp\htdocs\Proyectos\EspumredEM\yii\Espumred\protected\controllers\SiteController.php(39): CController->render('index')
#8 D:\xampp\htdocs\Proyectos\EspumredEM\yii\framework\web\actions\CInlineAction.php(49): SiteController->actionIndex()
#9 D:\xampp\htdocs\Proyectos\EspumredEM\yii\framework\web\CController.php(308): CInlineAction->runWithParams(Array)
#10 D:\xampp\htdocs\Proyectos\EspumredEM\yii\framework\web\CController.php(286): CController->runAction(Object(CInlineAction))
#11 D:\xampp\htdocs\Proyectos\EspumredEM\yii\framework\web\CController.php(265): CController->runActionWithFilters(Object(CInlineAction), Array)
#12 D:\xampp\htdocs\Proyectos\EspumredEM\yii\framework\web\CWebApplication.php(282): CController->run('')
#13 D:\xampp\htdocs\Proyectos\EspumredEM\yii\framework\web\CWebApplication.php(141): CWebApplication->runController('')
#14 D:\xampp\htdocs\Proyectos\EspumredEM\yii\framework\base\CApplication.php(180): CWebApplication->processRequest()
#15 D:\xampp\htdocs\Proyectos\EspumredEM\yii\Espumred\index.php(14): CApplication->run()
#16 {main}
REQUEST_URI=/Proyectos/EspumredEM/yii/Espumred/
---
2016/12/04 21:03:21 [error] [system.db.CDbCommand] CDbCommand::fetchAll() failed: SQLSTATE[HY000]: General error: 1111 Invalid use of group function. The SQL statement executed was: SELECT * FROM `tbl_pedidos` `t` WHERE MAX(idtbl_pedidos).
in D:\xampp\htdocs\Proyectos\EspumredEM\yii\Espumred\protected\controllers\solicitudPController.php (125)
in D:\xampp\htdocs\Proyectos\EspumredEM\yii\Espumred\index.php (14)
2016/12/04 21:03:21 [error] [exception.CDbException] exception 'CDbException' with message 'CDbCommand failed to execute the SQL statement: SQLSTATE[HY000]: General error: 1111 Invalid use of group function. The SQL statement executed was: SELECT * FROM `tbl_pedidos` `t` WHERE MAX(idtbl_pedidos)' in D:\xampp\htdocs\Proyectos\EspumredEM\yii\framework\db\CDbCommand.php:544
Stack trace:
#0 D:\xampp\htdocs\Proyectos\EspumredEM\yii\framework\db\CDbCommand.php(397): CDbCommand->queryInternal('fetchAll', Array, Array)
#1 D:\xampp\htdocs\Proyectos\EspumredEM\yii\framework\db\ar\CActiveRecord.php(1351): CDbCommand->queryAll()
#2 D:\xampp\htdocs\Proyectos\EspumredEM\yii\framework\db\ar\CActiveRecord.php(1470): CActiveRecord->query(Object(CDbCriteria), true)
#3 D:\xampp\htdocs\Proyectos\EspumredEM\yii\Espumred\protected\controllers\solicitudPController.php(125): CActiveRecord->findAll(Array)
#4 D:\xampp\htdocs\Proyectos\EspumredEM\yii\framework\web\actions\CInlineAction.php(49): solicitudPController->actionConsultid()
#5 D:\xampp\htdocs\Proyectos\EspumredEM\yii\framework\web\CController.php(308): CInlineAction->runWithParams(Array)
#6 D:\xampp\htdocs\Proyectos\EspumredEM\yii\framework\web\filters\CFilterChain.php(133): CController->runAction(Object(CInlineAction))
#7 D:\xampp\htdocs\Proyectos\EspumredEM\yii\framework\web\filters\CFilter.php(40): CFilterChain->run()
#8 D:\xampp\htdocs\Proyectos\EspumredEM\yii\framework\web\CController.php(1145): CFilter->filter(Object(CFilterChain))
#9 D:\xampp\htdocs\Proyectos\EspumredEM\yii\framework\web\filters\CInlineFilter.php(58): CController->filterAccessControl(Object(CFilterChain))
#10 D:\xampp\htdocs\Proyectos\EspumredEM\yii\framework\web\filters\CFilterChain.php(130): CInlineFilter->filter(Object(CFilterChain))
#11 D:\xampp\htdocs\Proyectos\EspumredEM\yii\framework\web\CController.php(291): CFilterChain->run()
#12 D:\xampp\htdocs\Proyectos\EspumredEM\yii\framework\web\CController.php(265): CController->runActionWithFilters(Object(CInlineAction), Array)
#13 D:\xampp\htdocs\Proyectos\EspumredEM\yii\framework\web\CWebApplication.php(282): CController->run('Consultid')
#14 D:\xampp\htdocs\Proyectos\EspumredEM\yii\framework\web\CWebApplication.php(141): CWebApplication->runController('solicitudP/Cons...')
#15 D:\xampp\htdocs\Proyectos\EspumredEM\yii\framework\base\CApplication.php(180): CWebApplication->processRequest()
#16 D:\xampp\htdocs\Proyectos\EspumredEM\yii\Espumred\index.php(14): CApplication->run()
#17 {main}
REQUEST_URI=/Proyectos/EspumredEM/yii/Espumred/index.php?r=solicitudP/Consultid
---
2016/12/04 21:05:59 [error] [php] Illegal offset type in isset or empty (D:\xampp\htdocs\Proyectos\EspumredEM\yii\framework\db\ar\CActiveRecord.php:391)
Stack trace:
#0 D:\xampp\htdocs\Proyectos\EspumredEM\yii\framework\web\actions\CInlineAction.php(49): solicitudPController->actionConsultid()
#1 D:\xampp\htdocs\Proyectos\EspumredEM\yii\framework\web\CController.php(308): CInlineAction->runWithParams()
#2 D:\xampp\htdocs\Proyectos\EspumredEM\yii\framework\web\filters\CFilterChain.php(133): solicitudPController->runAction()
#3 D:\xampp\htdocs\Proyectos\EspumredEM\yii\framework\web\filters\CFilter.php(40): CFilterChain->run()
#4 D:\xampp\htdocs\Proyectos\EspumredEM\yii\framework\web\CController.php(1145): CAccessControlFilter->filter()
#5 D:\xampp\htdocs\Proyectos\EspumredEM\yii\framework\web\filters\CInlineFilter.php(58): solicitudPController->filterAccessControl()
#6 D:\xampp\htdocs\Proyectos\EspumredEM\yii\framework\web\filters\CFilterChain.php(130): CInlineFilter->filter()
#7 D:\xampp\htdocs\Proyectos\EspumredEM\yii\framework\web\CController.php(291): CFilterChain->run()
#8 D:\xampp\htdocs\Proyectos\EspumredEM\yii\framework\web\CController.php(265): solicitudPController->runActionWithFilters()
#9 D:\xampp\htdocs\Proyectos\EspumredEM\yii\framework\web\CWebApplication.php(282): solicitudPController->run()
#10 D:\xampp\htdocs\Proyectos\EspumredEM\yii\framework\web\CWebApplication.php(141): CWebApplication->runController()
#11 D:\xampp\htdocs\Proyectos\EspumredEM\yii\framework\base\CApplication.php(180): CWebApplication->processRequest()
#12 D:\xampp\htdocs\Proyectos\EspumredEM\yii\Espumred\index.php(14): CWebApplication->run()
REQUEST_URI=/Proyectos/EspumredEM/yii/Espumred/index.php?r=solicitudP/Consultid
in D:\xampp\htdocs\Proyectos\EspumredEM\yii\Espumred\protected\models\pedidos.php (91)
in D:\xampp\htdocs\Proyectos\EspumredEM\yii\Espumred\protected\controllers\solicitudPController.php (125)
in D:\xampp\htdocs\Proyectos\EspumredEM\yii\Espumred\index.php (14)
2016/12/04 21:06:26 [error] [exception.CDbException] exception 'CDbException' with message 'Relation "MAX(idtbl_pedidos)" is not defined in active record class "pedidos".' in D:\xampp\htdocs\Proyectos\EspumredEM\yii\framework\db\ar\CActiveFinder.php:226
Stack trace:
#0 D:\xampp\htdocs\Proyectos\EspumredEM\yii\framework\db\ar\CActiveFinder.php(296): CActiveFinder->buildJoinTree(Object(CJoinElement), 'MAX(idtbl_pedid...')
#1 D:\xampp\htdocs\Proyectos\EspumredEM\yii\framework\db\ar\CActiveFinder.php(48): CActiveFinder->buildJoinTree(Object(CJoinElement), Array)
#2 D:\xampp\htdocs\Proyectos\EspumredEM\yii\framework\db\ar\CActiveRecord.php(909): CActiveFinder->__construct(Object(pedidos), Array)
#3 D:\xampp\htdocs\Proyectos\EspumredEM\yii\framework\db\ar\CActiveRecord.php(1355): CActiveRecord->getActiveFinder(Array)
#4 D:\xampp\htdocs\Proyectos\EspumredEM\yii\framework\db\ar\CActiveRecord.php(1470): CActiveRecord->query(Object(CDbCriteria), true)
#5 D:\xampp\htdocs\Proyectos\EspumredEM\yii\Espumred\protected\controllers\solicitudPController.php(125): CActiveRecord->findAll()
#6 D:\xampp\htdocs\Proyectos\EspumredEM\yii\framework\web\actions\CInlineAction.php(49): solicitudPController->actionConsultid()
#7 D:\xampp\htdocs\Proyectos\EspumredEM\yii\framework\web\CController.php(308): CInlineAction->runWithParams(Array)
#8 D:\xampp\htdocs\Proyectos\EspumredEM\yii\framework\web\filters\CFilterChain.php(133): CController->runAction(Object(CInlineAction))
#9 D:\xampp\htdocs\Proyectos\EspumredEM\yii\framework\web\filters\CFilter.php(40): CFilterChain->run()
#10 D:\xampp\htdocs\Proyectos\EspumredEM\yii\framework\web\CController.php(1145): CFilter->filter(Object(CFilterChain))
#11 D:\xampp\htdocs\Proyectos\EspumredEM\yii\framework\web\filters\CInlineFilter.php(58): CController->filterAccessControl(Object(CFilterChain))
#12 D:\xampp\htdocs\Proyectos\EspumredEM\yii\framework\web\filters\CFilterChain.php(130): CInlineFilter->filter(Object(CFilterChain))
#13 D:\xampp\htdocs\Proyectos\EspumredEM\yii\framework\web\CController.php(291): CFilterChain->run()
#14 D:\xampp\htdocs\Proyectos\EspumredEM\yii\framework\web\CController.php(265): CController->runActionWithFilters(Object(CInlineAction), Array)
#15 D:\xampp\htdocs\Proyectos\EspumredEM\yii\framework\web\CWebApplication.php(282): CController->run('Consultid')
#16 D:\xampp\htdocs\Proyectos\EspumredEM\yii\framework\web\CWebApplication.php(141): CWebApplication->runController('solicitudP/Cons...')
#17 D:\xampp\htdocs\Proyectos\EspumredEM\yii\framework\base\CApplication.php(180): CWebApplication->processRequest()
#18 D:\xampp\htdocs\Proyectos\EspumredEM\yii\Espumred\index.php(14): CApplication->run()
#19 {main}
REQUEST_URI=/Proyectos/EspumredEM/yii/Espumred/index.php?r=solicitudP/Consultid
---
2016/12/04 21:09:32 [error] [php] Object of class pedidos could not be converted to string (D:\xampp\htdocs\Proyectos\EspumredEM\yii\Espumred\protected\controllers\solicitudPController.php:130)
Stack trace:
#0 D:\xampp\htdocs\Proyectos\EspumredEM\yii\framework\web\filters\CFilterChain.php(133): solicitudPController->runAction()
#1 D:\xampp\htdocs\Proyectos\EspumredEM\yii\framework\web\filters\CFilter.php(40): CFilterChain->run()
#2 D:\xampp\htdocs\Proyectos\EspumredEM\yii\framework\web\CController.php(1145): CAccessControlFilter->filter()
#3 D:\xampp\htdocs\Proyectos\EspumredEM\yii\framework\web\filters\CInlineFilter.php(58): solicitudPController->filterAccessControl()
#4 D:\xampp\htdocs\Proyectos\EspumredEM\yii\framework\web\filters\CFilterChain.php(130): CInlineFilter->filter()
#5 D:\xampp\htdocs\Proyectos\EspumredEM\yii\framework\web\CController.php(291): CFilterChain->run()
#6 D:\xampp\htdocs\Proyectos\EspumredEM\yii\framework\web\CController.php(265): solicitudPController->runActionWithFilters()
#7 D:\xampp\htdocs\Proyectos\EspumredEM\yii\framework\web\CWebApplication.php(282): solicitudPController->run()
#8 D:\xampp\htdocs\Proyectos\EspumredEM\yii\framework\web\CWebApplication.php(141): CWebApplication->runController()
#9 D:\xampp\htdocs\Proyectos\EspumredEM\yii\framework\base\CApplication.php(180): CWebApplication->processRequest()
#10 D:\xampp\htdocs\Proyectos\EspumredEM\yii\Espumred\index.php(14): CWebApplication->run()
REQUEST_URI=/Proyectos/EspumredEM/yii/Espumred/index.php?r=solicitudP/Consultid
in D:\xampp\htdocs\Proyectos\EspumredEM\yii\Espumred\protected\controllers\solicitudPController.php (130)
in D:\xampp\htdocs\Proyectos\EspumredEM\yii\Espumred\index.php (14)
2016/12/04 21:25:46 [error] [php] Undefined variable: consul (D:\xampp\htdocs\Proyectos\EspumredEM\yii\Espumred\protected\controllers\solicitudPController.php:132)
Stack trace:
#0 D:\xampp\htdocs\Proyectos\EspumredEM\yii\framework\web\actions\CInlineAction.php(49): solicitudPController->actionAjaxPageControl()
#1 D:\xampp\htdocs\Proyectos\EspumredEM\yii\framework\web\CController.php(308): CInlineAction->runWithParams()
#2 D:\xampp\htdocs\Proyectos\EspumredEM\yii\framework\web\filters\CFilterChain.php(133): solicitudPController->runAction()
#3 D:\xampp\htdocs\Proyectos\EspumredEM\yii\framework\web\filters\CFilter.php(40): CFilterChain->run()
#4 D:\xampp\htdocs\Proyectos\EspumredEM\yii\framework\web\CController.php(1145): CAccessControlFilter->filter()
#5 D:\xampp\htdocs\Proyectos\EspumredEM\yii\framework\web\filters\CInlineFilter.php(58): solicitudPController->filterAccessControl()
#6 D:\xampp\htdocs\Proyectos\EspumredEM\yii\framework\web\filters\CFilterChain.php(130): CInlineFilter->filter()
#7 D:\xampp\htdocs\Proyectos\EspumredEM\yii\framework\web\CController.php(291): CFilterChain->run()
#8 D:\xampp\htdocs\Proyectos\EspumredEM\yii\framework\web\CController.php(265): solicitudPController->runActionWithFilters()
#9 D:\xampp\htdocs\Proyectos\EspumredEM\yii\framework\web\CWebApplication.php(282): solicitudPController->run()
#10 D:\xampp\htdocs\Proyectos\EspumredEM\yii\framework\web\CWebApplication.php(141): CWebApplication->runController()
#11 D:\xampp\htdocs\Proyectos\EspumredEM\yii\framework\base\CApplication.php(180): CWebApplication->processRequest()
#12 D:\xampp\htdocs\Proyectos\EspumredEM\yii\Espumred\index.php(14): CWebApplication->run()
REQUEST_URI=/Proyectos/EspumredEM/yii/Espumred/index.php?r=SolicitudP/AjaxPageControl&Tajax=Dragonizado&type=4
in D:\xampp\htdocs\Proyectos\EspumredEM\yii\Espumred\protected\controllers\solicitudPController.php (132)
in D:\xampp\htdocs\Proyectos\EspumredEM\yii\Espumred\protected\controllers\solicitudPController.php (531)
in D:\xampp\htdocs\Proyectos\EspumredEM\yii\Espumred\protected\controllers\solicitudPController.php (109)
2016/12/04 21:27:30 [error] [exception.CException] exception 'CException' with message 'Property "pedidos.0" is not defined.' in D:\xampp\htdocs\Proyectos\EspumredEM\yii\framework\base\CComponent.php:130
Stack trace:
#0 D:\xampp\htdocs\Proyectos\EspumredEM\yii\framework\db\ar\CActiveRecord.php(145): CComponent->__get('0')
#1 D:\xampp\htdocs\Proyectos\EspumredEM\yii\framework\base\CModel.php(596): CActiveRecord->__get('0')
#2 D:\xampp\htdocs\Proyectos\EspumredEM\yii\Espumred\protected\controllers\solicitudPController.php(137): CModel->offsetGet(0)
#3 D:\xampp\htdocs\Proyectos\EspumredEM\yii\Espumred\protected\controllers\solicitudPController.php(536): solicitudPController->actionConsultid()
#4 D:\xampp\htdocs\Proyectos\EspumredEM\yii\Espumred\protected\controllers\solicitudPController.php(109): solicitudPController->frmOtros()
#5 D:\xampp\htdocs\Proyectos\EspumredEM\yii\framework\web\actions\CInlineAction.php(49): solicitudPController->actionAjaxPageControl()
#6 D:\xampp\htdocs\Proyectos\EspumredEM\yii\framework\web\CController.php(308): CInlineAction->runWithParams(Array)
#7 D:\xampp\htdocs\Proyectos\EspumredEM\yii\framework\web\filters\CFilterChain.php(133): CController->runAction(Object(CInlineAction))
#8 D:\xampp\htdocs\Proyectos\EspumredEM\yii\framework\web\filters\CFilter.php(40): CFilterChain->run()
#9 D:\xampp\htdocs\Proyectos\EspumredEM\yii\framework\web\CController.php(1145): CFilter->filter(Object(CFilterChain))
#10 D:\xampp\htdocs\Proyectos\EspumredEM\yii\framework\web\filters\CInlineFilter.php(58): CController->filterAccessControl(Object(CFilterChain))
#11 D:\xampp\htdocs\Proyectos\EspumredEM\yii\framework\web\filters\CFilterChain.php(130): CInlineFilter->filter(Object(CFilterChain))
#12 D:\xampp\htdocs\Proyectos\EspumredEM\yii\framework\web\CController.php(291): CFilterChain->run()
#13 D:\xampp\htdocs\Proyectos\EspumredEM\yii\framework\web\CController.php(265): CController->runActionWithFilters(Object(CInlineAction), Array)
#14 D:\xampp\htdocs\Proyectos\EspumredEM\yii\framework\web\CWebApplication.php(282): CController->run('AjaxPageControl')
#15 D:\xampp\htdocs\Proyectos\EspumredEM\yii\framework\web\CWebApplication.php(141): CWebApplication->runController('SolicitudP/Ajax...')
#16 D:\xampp\htdocs\Proyectos\EspumredEM\yii\framework\base\CApplication.php(180): CWebApplication->processRequest()
#17 D:\xampp\htdocs\Proyectos\EspumredEM\yii\Espumred\index.php(14): CApplication->run()
#18 {main}
REQUEST_URI=/Proyectos/EspumredEM/yii/Espumred/index.php?r=SolicitudP/AjaxPageControl&Tajax=Dragonizado&type=4
HTTP_REFERER=http://localhost:8080/Proyectos/EspumredEM/yii/Espumred/index.php?r=solicitudP/test
---
2016/12/04 21:27:47 [error] [exception.CException] exception 'CException' with message 'Property "pedidos.0" is not defined.' in D:\xampp\htdocs\Proyectos\EspumredEM\yii\framework\base\CComponent.php:130
Stack trace:
#0 D:\xampp\htdocs\Proyectos\EspumredEM\yii\framework\db\ar\CActiveRecord.php(145): CComponent->__get('0')
#1 D:\xampp\htdocs\Proyectos\EspumredEM\yii\framework\base\CModel.php(596): CActiveRecord->__get('0')
#2 D:\xampp\htdocs\Proyectos\EspumredEM\yii\Espumred\protected\controllers\solicitudPController.php(137): CModel->offsetGet(0)
#3 D:\xampp\htdocs\Proyectos\EspumredEM\yii\Espumred\protected\controllers\solicitudPController.php(536): solicitudPController->actionConsultid()
#4 D:\xampp\htdocs\Proyectos\EspumredEM\yii\Espumred\protected\controllers\solicitudPController.php(109): solicitudPController->frmOtros()
#5 D:\xampp\htdocs\Proyectos\EspumredEM\yii\framework\web\actions\CInlineAction.php(49): solicitudPController->actionAjaxPageControl()
#6 D:\xampp\htdocs\Proyectos\EspumredEM\yii\framework\web\CController.php(308): CInlineAction->runWithParams(Array)
#7 D:\xampp\htdocs\Proyectos\EspumredEM\yii\framework\web\filters\CFilterChain.php(133): CController->runAction(Object(CInlineAction))
#8 D:\xampp\htdocs\Proyectos\EspumredEM\yii\framework\web\filters\CFilter.php(40): CFilterChain->run()
#9 D:\xampp\htdocs\Proyectos\EspumredEM\yii\framework\web\CController.php(1145): CFilter->filter(Object(CFilterChain))
#10 D:\xampp\htdocs\Proyectos\EspumredEM\yii\framework\web\filters\CInlineFilter.php(58): CController->filterAccessControl(Object(CFilterChain))
#11 D:\xampp\htdocs\Proyectos\EspumredEM\yii\framework\web\filters\CFilterChain.php(130): CInlineFilter->filter(Object(CFilterChain))
#12 D:\xampp\htdocs\Proyectos\EspumredEM\yii\framework\web\CController.php(291): CFilterChain->run()
#13 D:\xampp\htdocs\Proyectos\EspumredEM\yii\framework\web\CController.php(265): CController->runActionWithFilters(Object(CInlineAction), Array)
#14 D:\xampp\htdocs\Proyectos\EspumredEM\yii\framework\web\CWebApplication.php(282): CController->run('AjaxPageControl')
#15 D:\xampp\htdocs\Proyectos\EspumredEM\yii\framework\web\CWebApplication.php(141): CWebApplication->runController('SolicitudP/Ajax...')
#16 D:\xampp\htdocs\Proyectos\EspumredEM\yii\framework\base\CApplication.php(180): CWebApplication->processRequest()
#17 D:\xampp\htdocs\Proyectos\EspumredEM\yii\Espumred\index.php(14): CApplication->run()
#18 {main}
REQUEST_URI=/Proyectos/EspumredEM/yii/Espumred/index.php?r=SolicitudP/AjaxPageControl&Tajax=Dragonizado&type=4
HTTP_REFERER=http://localhost:8080/Proyectos/EspumredEM/yii/Espumred/index.php?r=solicitudP/test
---
2016/12/04 21:28:33 [error] [exception.CException] exception 'CException' with message 'Property "pedidos.0" is not defined.' in D:\xampp\htdocs\Proyectos\EspumredEM\yii\framework\base\CComponent.php:130
Stack trace:
#0 D:\xampp\htdocs\Proyectos\EspumredEM\yii\framework\db\ar\CActiveRecord.php(145): CComponent->__get('0')
#1 D:\xampp\htdocs\Proyectos\EspumredEM\yii\framework\base\CModel.php(596): CActiveRecord->__get('0')
#2 D:\xampp\htdocs\Proyectos\EspumredEM\yii\Espumred\protected\controllers\solicitudPController.php(137): CModel->offsetGet(0)
#3 D:\xampp\htdocs\Proyectos\EspumredEM\yii\Espumred\protected\controllers\solicitudPController.php(536): solicitudPController->actionConsultid()
#4 D:\xampp\htdocs\Proyectos\EspumredEM\yii\Espumred\protected\controllers\solicitudPController.php(109): solicitudPController->frmOtros()
#5 D:\xampp\htdocs\Proyectos\EspumredEM\yii\framework\web\actions\CInlineAction.php(49): solicitudPController->actionAjaxPageControl()
#6 D:\xampp\htdocs\Proyectos\EspumredEM\yii\framework\web\CController.php(308): CInlineAction->runWithParams(Array)
#7 D:\xampp\htdocs\Proyectos\EspumredEM\yii\framework\web\filters\CFilterChain.php(133): CController->runAction(Object(CInlineAction))
#8 D:\xampp\htdocs\Proyectos\EspumredEM\yii\framework\web\filters\CFilter.php(40): CFilterChain->run()
#9 D:\xampp\htdocs\Proyectos\EspumredEM\yii\framework\web\CController.php(1145): CFilter->filter(Object(CFilterChain))
#10 D:\xampp\htdocs\Proyectos\EspumredEM\yii\framework\web\filters\CInlineFilter.php(58): CController->filterAccessControl(Object(CFilterChain))
#11 D:\xampp\htdocs\Proyectos\EspumredEM\yii\framework\web\filters\CFilterChain.php(130): CInlineFilter->filter(Object(CFilterChain))
#12 D:\xampp\htdocs\Proyectos\EspumredEM\yii\framework\web\CController.php(291): CFilterChain->run()
#13 D:\xampp\htdocs\Proyectos\EspumredEM\yii\framework\web\CController.php(265): CController->runActionWithFilters(Object(CInlineAction), Array)
#14 D:\xampp\htdocs\Proyectos\EspumredEM\yii\framework\web\CWebApplication.php(282): CController->run('AjaxPageControl')
#15 D:\xampp\htdocs\Proyectos\EspumredEM\yii\framework\web\CWebApplication.php(141): CWebApplication->runController('SolicitudP/Ajax...')
#16 D:\xampp\htdocs\Proyectos\EspumredEM\yii\framework\base\CApplication.php(180): CWebApplication->processRequest()
#17 D:\xampp\htdocs\Proyectos\EspumredEM\yii\Espumred\index.php(14): CApplication->run()
#18 {main}
REQUEST_URI=/Proyectos/EspumredEM/yii/Espumred/index.php?r=SolicitudP/AjaxPageControl&Tajax=Dragonizado&type=4
HTTP_REFERER=http://localhost:8080/Proyectos/EspumredEM/yii/Espumred/index.php?r=solicitudP/test
---
2016/12/04 21:28:44 [error] [exception.CException] exception 'CException' with message 'Property "pedidos.0" is not defined.' in D:\xampp\htdocs\Proyectos\EspumredEM\yii\framework\base\CComponent.php:130
Stack trace:
#0 D:\xampp\htdocs\Proyectos\EspumredEM\yii\framework\db\ar\CActiveRecord.php(145): CComponent->__get('0')
#1 D:\xampp\htdocs\Proyectos\EspumredEM\yii\framework\base\CModel.php(596): CActiveRecord->__get('0')
#2 D:\xampp\htdocs\Proyectos\EspumredEM\yii\Espumred\protected\controllers\solicitudPController.php(137): CModel->offsetGet(0)
#3 D:\xampp\htdocs\Proyectos\EspumredEM\yii\Espumred\protected\controllers\solicitudPController.php(536): solicitudPController->actionConsultid()
#4 D:\xampp\htdocs\Proyectos\EspumredEM\yii\Espumred\protected\controllers\solicitudPController.php(109): solicitudPController->frmOtros()
#5 D:\xampp\htdocs\Proyectos\EspumredEM\yii\framework\web\actions\CInlineAction.php(49): solicitudPController->actionAjaxPageControl()
#6 D:\xampp\htdocs\Proyectos\EspumredEM\yii\framework\web\CController.php(308): CInlineAction->runWithParams(Array)
#7 D:\xampp\htdocs\Proyectos\EspumredEM\yii\framework\web\filters\CFilterChain.php(133): CController->runAction(Object(CInlineAction))
#8 D:\xampp\htdocs\Proyectos\EspumredEM\yii\framework\web\filters\CFilter.php(40): CFilterChain->run()
#9 D:\xampp\htdocs\Proyectos\EspumredEM\yii\framework\web\CController.php(1145): CFilter->filter(Object(CFilterChain))
#10 D:\xampp\htdocs\Proyectos\EspumredEM\yii\framework\web\filters\CInlineFilter.php(58): CController->filterAccessControl(Object(CFilterChain))
#11 D:\xampp\htdocs\Proyectos\EspumredEM\yii\framework\web\filters\CFilterChain.php(130): CInlineFilter->filter(Object(CFilterChain))
#12 D:\xampp\htdocs\Proyectos\EspumredEM\yii\framework\web\CController.php(291): CFilterChain->run()
#13 D:\xampp\htdocs\Proyectos\EspumredEM\yii\framework\web\CController.php(265): CController->runActionWithFilters(Object(CInlineAction), Array)
#14 D:\xampp\htdocs\Proyectos\EspumredEM\yii\framework\web\CWebApplication.php(282): CController->run('AjaxPageControl')
#15 D:\xampp\htdocs\Proyectos\EspumredEM\yii\framework\web\CWebApplication.php(141): CWebApplication->runController('SolicitudP/Ajax...')
#16 D:\xampp\htdocs\Proyectos\EspumredEM\yii\framework\base\CApplication.php(180): CWebApplication->processRequest()
#17 D:\xampp\htdocs\Proyectos\EspumredEM\yii\Espumred\index.php(14): CApplication->run()
#18 {main}
REQUEST_URI=/Proyectos/EspumredEM/yii/Espumred/index.php?r=SolicitudP/AjaxPageControl&Tajax=Dragonizado&type=4
HTTP_REFERER=http://localhost:8080/Proyectos/EspumredEM/yii/Espumred/index.php?r=solicitudP/test
---
2016/12/04 21:29:21 [error] [exception.CException] exception 'CException' with message 'Property "pedidos.0" is not defined.' in D:\xampp\htdocs\Proyectos\EspumredEM\yii\framework\base\CComponent.php:130
Stack trace:
#0 D:\xampp\htdocs\Proyectos\EspumredEM\yii\framework\db\ar\CActiveRecord.php(145): CComponent->__get('0')
#1 D:\xampp\htdocs\Proyectos\EspumredEM\yii\framework\base\CModel.php(596): CActiveRecord->__get('0')
#2 D:\xampp\htdocs\Proyectos\EspumredEM\yii\Espumred\protected\controllers\solicitudPController.php(136): CModel->offsetGet(0)
#3 D:\xampp\htdocs\Proyectos\EspumredEM\yii\framework\web\actions\CInlineAction.php(49): solicitudPController->actionConsultid()
#4 D:\xampp\htdocs\Proyectos\EspumredEM\yii\framework\web\CController.php(308): CInlineAction->runWithParams(Array)
#5 D:\xampp\htdocs\Proyectos\EspumredEM\yii\framework\web\filters\CFilterChain.php(133): CController->runAction(Object(CInlineAction))
#6 D:\xampp\htdocs\Proyectos\EspumredEM\yii\framework\web\filters\CFilter.php(40): CFilterChain->run()
#7 D:\xampp\htdocs\Proyectos\EspumredEM\yii\framework\web\CController.php(1145): CFilter->filter(Object(CFilterChain))
#8 D:\xampp\htdocs\Proyectos\EspumredEM\yii\framework\web\filters\CInlineFilter.php(58): CController->filterAccessControl(Object(CFilterChain))
#9 D:\xampp\htdocs\Proyectos\EspumredEM\yii\framework\web\filters\CFilterChain.php(130): CInlineFilter->filter(Object(CFilterChain))
#10 D:\xampp\htdocs\Proyectos\EspumredEM\yii\framework\web\CController.php(291): CFilterChain->run()
#11 D:\xampp\htdocs\Proyectos\EspumredEM\yii\framework\web\CController.php(265): CController->runActionWithFilters(Object(CInlineAction), Array)
#12 D:\xampp\htdocs\Proyectos\EspumredEM\yii\framework\web\CWebApplication.php(282): CController->run('Consultid')
#13 D:\xampp\htdocs\Proyectos\EspumredEM\yii\framework\web\CWebApplication.php(141): CWebApplication->runController('solicitudP/Cons...')
#14 D:\xampp\htdocs\Proyectos\EspumredEM\yii\framework\base\CApplication.php(180): CWebApplication->processRequest()
#15 D:\xampp\htdocs\Proyectos\EspumredEM\yii\Espumred\index.php(14): CApplication->run()
#16 {main}
REQUEST_URI=/Proyectos/EspumredEM/yii/Espumred/index.php?r=solicitudP/Consultid
---
2016/12/04 21:34:28 [error] [exception.CException] exception 'CException' with message 'Property "pedidos.0" is not defined.' in D:\xampp\htdocs\Proyectos\EspumredEM\yii\framework\base\CComponent.php:130
Stack trace:
#0 D:\xampp\htdocs\Proyectos\EspumredEM\yii\framework\db\ar\CActiveRecord.php(145): CComponent->__get('0')
#1 D:\xampp\htdocs\Proyectos\EspumredEM\yii\framework\base\CModel.php(596): CActiveRecord->__get('0')
#2 D:\xampp\htdocs\Proyectos\EspumredEM\yii\Espumred\protected\controllers\solicitudPController.php(130): CModel->offsetGet(0)
#3 D:\xampp\htdocs\Proyectos\EspumredEM\yii\Espumred\protected\controllers\solicitudPController.php(535): solicitudPController->actionConsultid()
#4 D:\xampp\htdocs\Proyectos\EspumredEM\yii\Espumred\protected\controllers\solicitudPController.php(109): solicitudPController->frmOtros()
#5 D:\xampp\htdocs\Proyectos\EspumredEM\yii\framework\web\actions\CInlineAction.php(49): solicitudPController->actionAjaxPageControl()
#6 D:\xampp\htdocs\Proyectos\EspumredEM\yii\framework\web\CController.php(308): CInlineAction->runWithParams(Array)
#7 D:\xampp\htdocs\Proyectos\EspumredEM\yii\framework\web\filters\CFilterChain.php(133): CController->runAction(Object(CInlineAction))
#8 D:\xampp\htdocs\Proyectos\EspumredEM\yii\framework\web\filters\CFilter.php(40): CFilterChain->run()
#9 D:\xampp\htdocs\Proyectos\EspumredEM\yii\framework\web\CController.php(1145): CFilter->filter(Object(CFilterChain))
#10 D:\xampp\htdocs\Proyectos\EspumredEM\yii\framework\web\filters\CInlineFilter.php(58): CController->filterAccessControl(Object(CFilterChain))
#11 D:\xampp\htdocs\Proyectos\EspumredEM\yii\framework\web\filters\CFilterChain.php(130): CInlineFilter->filter(Object(CFilterChain))
#12 D:\xampp\htdocs\Proyectos\EspumredEM\yii\framework\web\CController.php(291): CFilterChain->run()
#13 D:\xampp\htdocs\Proyectos\EspumredEM\yii\framework\web\CController.php(265): CController->runActionWithFilters(Object(CInlineAction), Array)
#14 D:\xampp\htdocs\Proyectos\EspumredEM\yii\framework\web\CWebApplication.php(282): CController->run('AjaxPageControl')
#15 D:\xampp\htdocs\Proyectos\EspumredEM\yii\framework\web\CWebApplication.php(141): CWebApplication->runController('SolicitudP/Ajax...')
#16 D:\xampp\htdocs\Proyectos\EspumredEM\yii\framework\base\CApplication.php(180): CWebApplication->processRequest()
#17 D:\xampp\htdocs\Proyectos\EspumredEM\yii\Espumred\index.php(14): CApplication->run()
#18 {main}
REQUEST_URI=/Proyectos/EspumredEM/yii/Espumred/index.php?r=SolicitudP/AjaxPageControl&Tajax=Dragonizado&type=4
HTTP_REFERER=http://localhost:8080/Proyectos/EspumredEM/yii/Espumred/index.php?r=solicitudP/test
---
2016/12/04 21:34:41 [error] [exception.CException] exception 'CException' with message 'Property "pedidos.0" is not defined.' in D:\xampp\htdocs\Proyectos\EspumredEM\yii\framework\base\CComponent.php:130
Stack trace:
#0 D:\xampp\htdocs\Proyectos\EspumredEM\yii\framework\db\ar\CActiveRecord.php(145): CComponent->__get('0')
#1 D:\xampp\htdocs\Proyectos\EspumredEM\yii\framework\base\CModel.php(596): CActiveRecord->__get('0')
#2 D:\xampp\htdocs\Proyectos\EspumredEM\yii\Espumred\protected\controllers\solicitudPController.php(130): CModel->offsetGet(0)
#3 D:\xampp\htdocs\Proyectos\EspumredEM\yii\Espumred\protected\controllers\solicitudPController.php(535): solicitudPController->actionConsultid()
#4 D:\xampp\htdocs\Proyectos\EspumredEM\yii\Espumred\protected\controllers\solicitudPController.php(109): solicitudPController->frmOtros()
#5 D:\xampp\htdocs\Proyectos\EspumredEM\yii\framework\web\actions\CInlineAction.php(49): solicitudPController->actionAjaxPageControl()
#6 D:\xampp\htdocs\Proyectos\EspumredEM\yii\framework\web\CController.php(308): CInlineAction->runWithParams(Array)
#7 D:\xampp\htdocs\Proyectos\EspumredEM\yii\framework\web\filters\CFilterChain.php(133): CController->runAction(Object(CInlineAction))
#8 D:\xampp\htdocs\Proyectos\EspumredEM\yii\framework\web\filters\CFilter.php(40): CFilterChain->run()
#9 D:\xampp\htdocs\Proyectos\EspumredEM\yii\framework\web\CController.php(1145): CFilter->filter(Object(CFilterChain))
#10 D:\xampp\htdocs\Proyectos\EspumredEM\yii\framework\web\filters\CInlineFilter.php(58): CController->filterAccessControl(Object(CFilterChain))
#11 D:\xampp\htdocs\Proyectos\EspumredEM\yii\framework\web\filters\CFilterChain.php(130): CInlineFilter->filter(Object(CFilterChain))
#12 D:\xampp\htdocs\Proyectos\EspumredEM\yii\framework\web\CController.php(291): CFilterChain->run()
#13 D:\xampp\htdocs\Proyectos\EspumredEM\yii\framework\web\CController.php(265): CController->runActionWithFilters(Object(CInlineAction), Array)
#14 D:\xampp\htdocs\Proyectos\EspumredEM\yii\framework\web\CWebApplication.php(282): CController->run('AjaxPageControl')
#15 D:\xampp\htdocs\Proyectos\EspumredEM\yii\framework\web\CWebApplication.php(141): CWebApplication->runController('SolicitudP/Ajax...')
#16 D:\xampp\htdocs\Proyectos\EspumredEM\yii\framework\base\CApplication.php(180): CWebApplication->processRequest()
#17 D:\xampp\htdocs\Proyectos\EspumredEM\yii\Espumred\index.php(14): CApplication->run()
#18 {main}
REQUEST_URI=/Proyectos/EspumredEM/yii/Espumred/index.php?r=SolicitudP/AjaxPageControl&Tajax=Dragonizado&type=4
HTTP_REFERER=http://localhost:8080/Proyectos/EspumredEM/yii/Espumred/index.php?r=solicitudP/test
---
2016/12/04 21:37:18 [error] [exception.CException] exception 'CException' with message 'Property "pedidos.ID" is not defined.' in D:\xampp\htdocs\Proyectos\EspumredEM\yii\framework\base\CComponent.php:130
Stack trace:
#0 D:\xampp\htdocs\Proyectos\EspumredEM\yii\framework\db\ar\CActiveRecord.php(145): CComponent->__get('ID')
#1 D:\xampp\htdocs\Proyectos\EspumredEM\yii\framework\base\CModel.php(596): CActiveRecord->__get('ID')
#2 D:\xampp\htdocs\Proyectos\EspumredEM\yii\Espumred\protected\controllers\solicitudPController.php(130): CModel->offsetGet('ID')
#3 D:\xampp\htdocs\Proyectos\EspumredEM\yii\Espumred\protected\controllers\solicitudPController.php(535): solicitudPController->actionConsultid()
#4 D:\xampp\htdocs\Proyectos\EspumredEM\yii\Espumred\protected\controllers\solicitudPController.php(109): solicitudPController->frmOtros()
#5 D:\xampp\htdocs\Proyectos\EspumredEM\yii\framework\web\actions\CInlineAction.php(49): solicitudPController->actionAjaxPageControl()
#6 D:\xampp\htdocs\Proyectos\EspumredEM\yii\framework\web\CController.php(308): CInlineAction->runWithParams(Array)
#7 D:\xampp\htdocs\Proyectos\EspumredEM\yii\framework\web\filters\CFilterChain.php(133): CController->runAction(Object(CInlineAction))
#8 D:\xampp\htdocs\Proyectos\EspumredEM\yii\framework\web\filters\CFilter.php(40): CFilterChain->run()
#9 D:\xampp\htdocs\Proyectos\EspumredEM\yii\framework\web\CController.php(1145): CFilter->filter(Object(CFilterChain))
#10 D:\xampp\htdocs\Proyectos\EspumredEM\yii\framework\web\filters\CInlineFilter.php(58): CController->filterAccessControl(Object(CFilterChain))
#11 D:\xampp\htdocs\Proyectos\EspumredEM\yii\framework\web\filters\CFilterChain.php(130): CInlineFilter->filter(Object(CFilterChain))
#12 D:\xampp\htdocs\Proyectos\EspumredEM\yii\framework\web\CController.php(291): CFilterChain->run()
#13 D:\xampp\htdocs\Proyectos\EspumredEM\yii\framework\web\CController.php(265): CController->runActionWithFilters(Object(CInlineAction), Array)
#14 D:\xampp\htdocs\Proyectos\EspumredEM\yii\framework\web\CWebApplication.php(282): CController->run('AjaxPageControl')
#15 D:\xampp\htdocs\Proyectos\EspumredEM\yii\framework\web\CWebApplication.php(141): CWebApplication->runController('SolicitudP/Ajax...')
#16 D:\xampp\htdocs\Proyectos\EspumredEM\yii\framework\base\CApplication.php(180): CWebApplication->processRequest()
#17 D:\xampp\htdocs\Proyectos\EspumredEM\yii\Espumred\index.php(14): CApplication->run()
#18 {main}
REQUEST_URI=/Proyectos/EspumredEM/yii/Espumred/index.php?r=SolicitudP/AjaxPageControl&Tajax=Dragonizado&type=4
HTTP_REFERER=http://localhost:8080/Proyectos/EspumredEM/yii/Espumred/index.php?r=solicitudP/test
---
2016/12/04 21:38:41 [error] [exception.CException] exception 'CException' with message 'Property "pedidos.id" is not defined.' in D:\xampp\htdocs\Proyectos\EspumredEM\yii\framework\base\CComponent.php:130
Stack trace:
#0 D:\xampp\htdocs\Proyectos\EspumredEM\yii\framework\db\ar\CActiveRecord.php(145): CComponent->__get('id')
#1 D:\xampp\htdocs\Proyectos\EspumredEM\yii\framework\base\CModel.php(596): CActiveRecord->__get('id')
#2 D:\xampp\htdocs\Proyectos\EspumredEM\yii\Espumred\protected\controllers\solicitudPController.php(130): CModel->offsetGet('id')
#3 D:\xampp\htdocs\Proyectos\EspumredEM\yii\Espumred\protected\controllers\solicitudPController.php(535): solicitudPController->actionConsultid()
#4 D:\xampp\htdocs\Proyectos\EspumredEM\yii\Espumred\protected\controllers\solicitudPController.php(109): solicitudPController->frmOtros()
#5 D:\xampp\htdocs\Proyectos\EspumredEM\yii\framework\web\actions\CInlineAction.php(49): solicitudPController->actionAjaxPageControl()
#6 D:\xampp\htdocs\Proyectos\EspumredEM\yii\framework\web\CController.php(308): CInlineAction->runWithParams(Array)
#7 D:\xampp\htdocs\Proyectos\EspumredEM\yii\framework\web\filters\CFilterChain.php(133): CController->runAction(Object(CInlineAction))
#8 D:\xampp\htdocs\Proyectos\EspumredEM\yii\framework\web\filters\CFilter.php(40): CFilterChain->run()
#9 D:\xampp\htdocs\Proyectos\EspumredEM\yii\framework\web\CController.php(1145): CFilter->filter(Object(CFilterChain))
#10 D:\xampp\htdocs\Proyectos\EspumredEM\yii\framework\web\filters\CInlineFilter.php(58): CController->filterAccessControl(Object(CFilterChain))
#11 D:\xampp\htdocs\Proyectos\EspumredEM\yii\framework\web\filters\CFilterChain.php(130): CInlineFilter->filter(Object(CFilterChain))
#12 D:\xampp\htdocs\Proyectos\EspumredEM\yii\framework\web\CController.php(291): CFilterChain->run()
#13 D:\xampp\htdocs\Proyectos\EspumredEM\yii\framework\web\CController.php(265): CController->runActionWithFilters(Object(CInlineAction), Array)
#14 D:\xampp\htdocs\Proyectos\EspumredEM\yii\framework\web\CWebApplication.php(282): CController->run('AjaxPageControl')
#15 D:\xampp\htdocs\Proyectos\EspumredEM\yii\framework\web\CWebApplication.php(141): CWebApplication->runController('SolicitudP/Ajax...')
#16 D:\xampp\htdocs\Proyectos\EspumredEM\yii\framework\base\CApplication.php(180): CWebApplication->processRequest()
#17 D:\xampp\htdocs\Proyectos\EspumredEM\yii\Espumred\index.php(14): CApplication->run()
#18 {main}
REQUEST_URI=/Proyectos/EspumredEM/yii/Espumred/index.php?r=SolicitudP/AjaxPageControl&Tajax=Dragonizado&type=4
HTTP_REFERER=http://localhost:8080/Proyectos/EspumredEM/yii/Espumred/index.php?r=solicitudP/test
---
2016/12/04 21:46:44 [error] [system.db.CDbCommand] CDbCommand::fetch() failed: SQLSTATE[42000]: Syntax error or access violation: 1064 You have an error in your SQL syntax; check the manual that corresponds to your MariaDB server version for the right syntax to use near 'column) AS maxColumn FROM `tbl_pedidos` `t` LIMIT 1' at line 1. The SQL statement executed was: SELECT max(column) AS maxColumn FROM `tbl_pedidos` `t` LIMIT 1.
in D:\xampp\htdocs\Proyectos\EspumredEM\yii\Espumred\protected\controllers\solicitudPController.php (130)
in D:\xampp\htdocs\Proyectos\EspumredEM\yii\Espumred\index.php (14)
2016/12/04 21:46:44 [error] [exception.CDbException] exception 'CDbException' with message 'CDbCommand failed to execute the SQL statement: SQLSTATE[42000]: Syntax error or access violation: 1064 You have an error in your SQL syntax; check the manual that corresponds to your MariaDB server version for the right syntax to use near 'column) AS maxColumn FROM `tbl_pedidos` `t` LIMIT 1' at line 1. The SQL statement executed was: SELECT max(column) AS maxColumn FROM `tbl_pedidos` `t` LIMIT 1' in D:\xampp\htdocs\Proyectos\EspumredEM\yii\framework\db\CDbCommand.php:544
Stack trace:
#0 D:\xampp\htdocs\Proyectos\EspumredEM\yii\framework\db\CDbCommand.php(416): CDbCommand->queryInternal('fetch', Array, Array)
#1 D:\xampp\htdocs\Proyectos\EspumredEM\yii\framework\db\ar\CActiveRecord.php(1351): CDbCommand->queryRow()
#2 D:\xampp\htdocs\Proyectos\EspumredEM\yii\framework\db\ar\CActiveRecord.php(1456): CActiveRecord->query(Object(CDbCriteria))
#3 D:\xampp\htdocs\Proyectos\EspumredEM\yii\Espumred\protected\controllers\solicitudPController.php(130): CActiveRecord->find(Object(CDbCriteria))
#4 D:\xampp\htdocs\Proyectos\EspumredEM\yii\framework\web\actions\CInlineAction.php(49): solicitudPController->actionConsultid()
#5 D:\xampp\htdocs\Proyectos\EspumredEM\yii\framework\web\CController.php(308): CInlineAction->runWithParams(Array)
#6 D:\xampp\htdocs\Proyectos\EspumredEM\yii\framework\web\filters\CFilterChain.php(133): CController->runAction(Object(CInlineAction))
#7 D:\xampp\htdocs\Proyectos\EspumredEM\yii\framework\web\filters\CFilter.php(40): CFilterChain->run()
#8 D:\xampp\htdocs\Proyectos\EspumredEM\yii\framework\web\CController.php(1145): CFilter->filter(Object(CFilterChain))
#9 D:\xampp\htdocs\Proyectos\EspumredEM\yii\framework\web\filters\CInlineFilter.php(58): CController->filterAccessControl(Object(CFilterChain))
#10 D:\xampp\htdocs\Proyectos\EspumredEM\yii\framework\web\filters\CFilterChain.php(130): CInlineFilter->filter(Object(CFilterChain))
#11 D:\xampp\htdocs\Proyectos\EspumredEM\yii\framework\web\CController.php(291): CFilterChain->run()
#12 D:\xampp\htdocs\Proyectos\EspumredEM\yii\framework\web\CController.php(265): CController->runActionWithFilters(Object(CInlineAction), Array)
#13 D:\xampp\htdocs\Proyectos\EspumredEM\yii\framework\web\CWebApplication.php(282): CController->run('Consultid')
#14 D:\xampp\htdocs\Proyectos\EspumredEM\yii\framework\web\CWebApplication.php(141): CWebApplication->runController('solicitudP/Cons...')
#15 D:\xampp\htdocs\Proyectos\EspumredEM\yii\framework\base\CApplication.php(180): CWebApplication->processRequest()
#16 D:\xampp\htdocs\Proyectos\EspumredEM\yii\Espumred\index.php(14): CApplication->run()
#17 {main}
REQUEST_URI=/Proyectos/EspumredEM/yii/Espumred/index.php?r=solicitudP/Consultid
---
2016/12/04 21:47:26 [error] [system.db.CDbCommand] CDbCommand::fetch() failed: SQLSTATE[42000]: Syntax error or access violation: 1064 You have an error in your SQL syntax; check the manual that corresponds to your MariaDB server version for the right syntax to use near 'max(idtbl_pedidos) AS maxColumn FROM `tbl_pedidos` `t` LIMIT 1' at line 1. The SQL statement executed was: SELECT * max(idtbl_pedidos) AS maxColumn FROM `tbl_pedidos` `t` LIMIT 1.
in D:\xampp\htdocs\Proyectos\EspumredEM\yii\Espumred\protected\controllers\solicitudPController.php (130)
in D:\xampp\htdocs\Proyectos\EspumredEM\yii\Espumred\index.php (14)
2016/12/04 21:47:26 [error] [exception.CDbException] exception 'CDbException' with message 'CDbCommand failed to execute the SQL statement: SQLSTATE[42000]: Syntax error or access violation: 1064 You have an error in your SQL syntax; check the manual that corresponds to your MariaDB server version for the right syntax to use near 'max(idtbl_pedidos) AS maxColumn FROM `tbl_pedidos` `t` LIMIT 1' at line 1. The SQL statement executed was: SELECT * max(idtbl_pedidos) AS maxColumn FROM `tbl_pedidos` `t` LIMIT 1' in D:\xampp\htdocs\Proyectos\EspumredEM\yii\framework\db\CDbCommand.php:544
Stack trace:
#0 D:\xampp\htdocs\Proyectos\EspumredEM\yii\framework\db\CDbCommand.php(416): CDbCommand->queryInternal('fetch', Array, Array)
#1 D:\xampp\htdocs\Proyectos\EspumredEM\yii\framework\db\ar\CActiveRecord.php(1351): CDbCommand->queryRow()
#2 D:\xampp\htdocs\Proyectos\EspumredEM\yii\framework\db\ar\CActiveRecord.php(1456): CActiveRecord->query(Object(CDbCriteria))
#3 D:\xampp\htdocs\Proyectos\EspumredEM\yii\Espumred\protected\controllers\solicitudPController.php(130): CActiveRecord->find(Object(CDbCriteria))
#4 D:\xampp\htdocs\Proyectos\EspumredEM\yii\framework\web\actions\CInlineAction.php(49): solicitudPController->actionConsultid()
#5 D:\xampp\htdocs\Proyectos\EspumredEM\yii\framework\web\CController.php(308): CInlineAction->runWithParams(Array)
#6 D:\xampp\htdocs\Proyectos\EspumredEM\yii\framework\web\filters\CFilterChain.php(133): CController->runAction(Object(CInlineAction))
#7 D:\xampp\htdocs\Proyectos\EspumredEM\yii\framework\web\filters\CFilter.php(40): CFilterChain->run()
#8 D:\xampp\htdocs\Proyectos\EspumredEM\yii\framework\web\CController.php(1145): CFilter->filter(Object(CFilterChain))
#9 D:\xampp\htdocs\Proyectos\EspumredEM\yii\framework\web\filters\CInlineFilter.php(58): CController->filterAccessControl(Object(CFilterChain))
#10 D:\xampp\htdocs\Proyectos\EspumredEM\yii\framework\web\filters\CFilterChain.php(130): CInlineFilter->filter(Object(CFilterChain))
#11 D:\xampp\htdocs\Proyectos\EspumredEM\yii\framework\web\CController.php(291): CFilterChain->run()
#12 D:\xampp\htdocs\Proyectos\EspumredEM\yii\framework\web\CController.php(265): CController->runActionWithFilters(Object(CInlineAction), Array)
#13 D:\xampp\htdocs\Proyectos\EspumredEM\yii\framework\web\CWebApplication.php(282): CController->run('Consultid')
#14 D:\xampp\htdocs\Proyectos\EspumredEM\yii\framework\web\CWebApplication.php(141): CWebApplication->runController('solicitudP/Cons...')
#15 D:\xampp\htdocs\Proyectos\EspumredEM\yii\framework\base\CApplication.php(180): CWebApplication->processRequest()
#16 D:\xampp\htdocs\Proyectos\EspumredEM\yii\Espumred\index.php(14): CApplication->run()
#17 {main}
REQUEST_URI=/Proyectos/EspumredEM/yii/Espumred/index.php?r=solicitudP/Consultid
---
2016/12/04 22:11:51 [error] [exception.CHttpException.404] exception 'CHttpException' with message 'Unable to resolve the request "Gii".' in D:\xampp\htdocs\Proyectos\EspumredEM\yii\framework\web\CWebApplication.php:286
Stack trace:
#0 D:\xampp\htdocs\Proyectos\EspumredEM\yii\framework\web\CWebApplication.php(141): CWebApplication->runController('Gii')
#1 D:\xampp\htdocs\Proyectos\EspumredEM\yii\framework\base\CApplication.php(180): CWebApplication->processRequest()
#2 D:\xampp\htdocs\Proyectos\EspumredEM\yii\Espumred\index.php(14): CApplication->run()
#3 {main}
REQUEST_URI=/Proyectos/EspumredEM/yii/Espumred/index.php?r=Gii
---
2016/12/04 22:34:33 [error] [php] Object of class Pedidos could not be converted to string (D:\xampp\htdocs\Proyectos\EspumredEM\yii\Espumred\protected\controllers\solicitudPController.php:131)
Stack trace:
#0 D:\xampp\htdocs\Proyectos\EspumredEM\yii\framework\web\filters\CFilterChain.php(133): solicitudPController->runAction()
#1 D:\xampp\htdocs\Proyectos\EspumredEM\yii\framework\web\filters\CFilter.php(40): CFilterChain->run()
#2 D:\xampp\htdocs\Proyectos\EspumredEM\yii\framework\web\CController.php(1145): CAccessControlFilter->filter()
#3 D:\xampp\htdocs\Proyectos\EspumredEM\yii\framework\web\filters\CInlineFilter.php(58): solicitudPController->filterAccessControl()
#4 D:\xampp\htdocs\Proyectos\EspumredEM\yii\framework\web\filters\CFilterChain.php(130): CInlineFilter->filter()
#5 D:\xampp\htdocs\Proyectos\EspumredEM\yii\framework\web\CController.php(291): CFilterChain->run()
#6 D:\xampp\htdocs\Proyectos\EspumredEM\yii\framework\web\CController.php(265): solicitudPController->runActionWithFilters()
#7 D:\xampp\htdocs\Proyectos\EspumredEM\yii\framework\web\CWebApplication.php(282): solicitudPController->run()
#8 D:\xampp\htdocs\Proyectos\EspumredEM\yii\framework\web\CWebApplication.php(141): CWebApplication->runController()
#9 D:\xampp\htdocs\Proyectos\EspumredEM\yii\framework\base\CApplication.php(180): CWebApplication->processRequest()
#10 D:\xampp\htdocs\Proyectos\EspumredEM\yii\Espumred\index.php(14): CWebApplication->run()
REQUEST_URI=/Proyectos/EspumredEM/yii/Espumred/index.php?r=solicitudP/Consultid
in D:\xampp\htdocs\Proyectos\EspumredEM\yii\Espumred\protected\controllers\solicitudPController.php (131)
in D:\xampp\htdocs\Proyectos\EspumredEM\yii\Espumred\index.php (14)
2016/12/04 22:35:00 [error] [exception.CException] exception 'CException' with message 'Property "Pedidos.maxColumn" is not defined.' in D:\xampp\htdocs\Proyectos\EspumredEM\yii\framework\base\CComponent.php:130
Stack trace:
#0 D:\xampp\htdocs\Proyectos\EspumredEM\yii\framework\db\ar\CActiveRecord.php(145): CComponent->__get('maxColumn')
#1 D:\xampp\htdocs\Proyectos\EspumredEM\yii\framework\base\CModel.php(596): CActiveRecord->__get('maxColumn')
#2 D:\xampp\htdocs\Proyectos\EspumredEM\yii\Espumred\protected\controllers\solicitudPController.php(131): CModel->offsetGet('maxColumn')
#3 D:\xampp\htdocs\Proyectos\EspumredEM\yii\framework\web\actions\CInlineAction.php(49): solicitudPController->actionConsultid()
#4 D:\xampp\htdocs\Proyectos\EspumredEM\yii\framework\web\CController.php(308): CInlineAction->runWithParams(Array)
#5 D:\xampp\htdocs\Proyectos\EspumredEM\yii\framework\web\filters\CFilterChain.php(133): CController->runAction(Object(CInlineAction))
#6 D:\xampp\htdocs\Proyectos\EspumredEM\yii\framework\web\filters\CFilter.php(40): CFilterChain->run()
#7 D:\xampp\htdocs\Proyectos\EspumredEM\yii\framework\web\CController.php(1145): CFilter->filter(Object(CFilterChain))
#8 D:\xampp\htdocs\Proyectos\EspumredEM\yii\framework\web\filters\CInlineFilter.php(58): CController->filterAccessControl(Object(CFilterChain))
#9 D:\xampp\htdocs\Proyectos\EspumredEM\yii\framework\web\filters\CFilterChain.php(130): CInlineFilter->filter(Object(CFilterChain))
#10 D:\xampp\htdocs\Proyectos\EspumredEM\yii\framework\web\CController.php(291): CFilterChain->run()
#11 D:\xampp\htdocs\Proyectos\EspumredEM\yii\framework\web\CController.php(265): CController->runActionWithFilters(Object(CInlineAction), Array)
#12 D:\xampp\htdocs\Proyectos\EspumredEM\yii\framework\web\CWebApplication.php(282): CController->run('Consultid')
#13 D:\xampp\htdocs\Proyectos\EspumredEM\yii\framework\web\CWebApplication.php(141): CWebApplication->runController('solicitudP/Cons...')
#14 D:\xampp\htdocs\Proyectos\EspumredEM\yii\framework\base\CApplication.php(180): CWebApplication->processRequest()
#15 D:\xampp\htdocs\Proyectos\EspumredEM\yii\Espumred\index.php(14): CApplication->run()
#16 {main}
REQUEST_URI=/Proyectos/EspumredEM/yii/Espumred/index.php?r=solicitudP/Consultid
---
2016/12/04 22:36:02 [error] [exception.CException] exception 'CException' with message 'Property "Pedidos.maxColumn" is not defined.' in D:\xampp\htdocs\Proyectos\EspumredEM\yii\framework\base\CComponent.php:130
Stack trace:
#0 D:\xampp\htdocs\Proyectos\EspumredEM\yii\framework\db\ar\CActiveRecord.php(145): CComponent->__get('maxColumn')
#1 D:\xampp\htdocs\Proyectos\EspumredEM\yii\framework\base\CModel.php(596): CActiveRecord->__get('maxColumn')
#2 D:\xampp\htdocs\Proyectos\EspumredEM\yii\Espumred\protected\controllers\solicitudPController.php(132): CModel->offsetGet('maxColumn')
#3 D:\xampp\htdocs\Proyectos\EspumredEM\yii\framework\web\actions\CInlineAction.php(49): solicitudPController->actionConsultid()
#4 D:\xampp\htdocs\Proyectos\EspumredEM\yii\framework\web\CController.php(308): CInlineAction->runWithParams(Array)
#5 D:\xampp\htdocs\Proyectos\EspumredEM\yii\framework\web\filters\CFilterChain.php(133): CController->runAction(Object(CInlineAction))
#6 D:\xampp\htdocs\Proyectos\EspumredEM\yii\framework\web\filters\CFilter.php(40): CFilterChain->run()
#7 D:\xampp\htdocs\Proyectos\EspumredEM\yii\framework\web\CController.php(1145): CFilter->filter(Object(CFilterChain))
#8 D:\xampp\htdocs\Proyectos\EspumredEM\yii\framework\web\filters\CInlineFilter.php(58): CController->filterAccessControl(Object(CFilterChain))
#9 D:\xampp\htdocs\Proyectos\EspumredEM\yii\framework\web\filters\CFilterChain.php(130): CInlineFilter->filter(Object(CFilterChain))
#10 D:\xampp\htdocs\Proyectos\EspumredEM\yii\framework\web\CController.php(291): CFilterChain->run()
#11 D:\xampp\htdocs\Proyectos\EspumredEM\yii\framework\web\CController.php(265): CController->runActionWithFilters(Object(CInlineAction), Array)
#12 D:\xampp\htdocs\Proyectos\EspumredEM\yii\framework\web\CWebApplication.php(282): CController->run('Consultid')
#13 D:\xampp\htdocs\Proyectos\EspumredEM\yii\framework\web\CWebApplication.php(141): CWebApplication->runController('solicitudP/Cons...')
#14 D:\xampp\htdocs\Proyectos\EspumredEM\yii\framework\base\CApplication.php(180): CWebApplication->processRequest()
#15 D:\xampp\htdocs\Proyectos\EspumredEM\yii\Espumred\index.php(14): CApplication->run()
#16 {main}
REQUEST_URI=/Proyectos/EspumredEM/yii/Espumred/index.php?r=solicitudP/Consultid
---
2016/12/04 22:36:27 [error] [exception.CException] exception 'CException' with message 'Property "Pedidos.maxColumn" is not defined.' in D:\xampp\htdocs\Proyectos\EspumredEM\yii\framework\base\CComponent.php:130
Stack trace:
#0 D:\xampp\htdocs\Proyectos\EspumredEM\yii\framework\db\ar\CActiveRecord.php(145): CComponent->__get('maxColumn')
#1 D:\xampp\htdocs\Proyectos\EspumredEM\yii\framework\base\CModel.php(596): CActiveRecord->__get('maxColumn')
#2 D:\xampp\htdocs\Proyectos\EspumredEM\yii\Espumred\protected\controllers\solicitudPController.php(132): CModel->offsetGet('maxColumn')
#3 D:\xampp\htdocs\Proyectos\EspumredEM\yii\framework\web\actions\CInlineAction.php(49): solicitudPController->actionConsultid()
#4 D:\xampp\htdocs\Proyectos\EspumredEM\yii\framework\web\CController.php(308): CInlineAction->runWithParams(Array)
#5 D:\xampp\htdocs\Proyectos\EspumredEM\yii\framework\web\filters\CFilterChain.php(133): CController->runAction(Object(CInlineAction))
#6 D:\xampp\htdocs\Proyectos\EspumredEM\yii\framework\web\filters\CFilter.php(40): CFilterChain->run()
#7 D:\xampp\htdocs\Proyectos\EspumredEM\yii\framework\web\CController.php(1145): CFilter->filter(Object(CFilterChain))
#8 D:\xampp\htdocs\Proyectos\EspumredEM\yii\framework\web\filters\CInlineFilter.php(58): CController->filterAccessControl(Object(CFilterChain))
#9 D:\xampp\htdocs\Proyectos\EspumredEM\yii\framework\web\filters\CFilterChain.php(130): CInlineFilter->filter(Object(CFilterChain))
#10 D:\xampp\htdocs\Proyectos\EspumredEM\yii\framework\web\CController.php(291): CFilterChain->run()
#11 D:\xampp\htdocs\Proyectos\EspumredEM\yii\framework\web\CController.php(265): CController->runActionWithFilters(Object(CInlineAction), Array)
#12 D:\xampp\htdocs\Proyectos\EspumredEM\yii\framework\web\CWebApplication.php(282): CController->run('Consultid')
#13 D:\xampp\htdocs\Proyectos\EspumredEM\yii\framework\web\CWebApplication.php(141): CWebApplication->runController('solicitudP/Cons...')
#14 D:\xampp\htdocs\Proyectos\EspumredEM\yii\framework\base\CApplication.php(180): CWebApplication->processRequest()
#15 D:\xampp\htdocs\Proyectos\EspumredEM\yii\Espumred\index.php(14): CApplication->run()
#16 {main}
REQUEST_URI=/Proyectos/EspumredEM/yii/Espumred/index.php?r=solicitudP/Consultid
---
2016/12/04 22:38:05 [error] [exception.CException] exception 'CException' with message 'Property "Pedidos.maxColumn" is not defined.' in D:\xampp\htdocs\Proyectos\EspumredEM\yii\framework\base\CComponent.php:130
Stack trace:
#0 D:\xampp\htdocs\Proyectos\EspumredEM\yii\framework\db\ar\CActiveRecord.php(145): CComponent->__get('maxColumn')
#1 D:\xampp\htdocs\Proyectos\EspumredEM\yii\framework\base\CModel.php(596): CActiveRecord->__get('maxColumn')
#2 D:\xampp\htdocs\Proyectos\EspumredEM\yii\Espumred\protected\controllers\solicitudPController.php(132): CModel->offsetGet('maxColumn')
#3 D:\xampp\htdocs\Proyectos\EspumredEM\yii\framework\web\actions\CInlineAction.php(49): solicitudPController->actionConsultid()
#4 D:\xampp\htdocs\Proyectos\EspumredEM\yii\framework\web\CController.php(308): CInlineAction->runWithParams(Array)
#5 D:\xampp\htdocs\Proyectos\EspumredEM\yii\framework\web\filters\CFilterChain.php(133): CController->runAction(Object(CInlineAction))
#6 D:\xampp\htdocs\Proyectos\EspumredEM\yii\framework\web\filters\CFilter.php(40): CFilterChain->run()
#7 D:\xampp\htdocs\Proyectos\EspumredEM\yii\framework\web\CController.php(1145): CFilter->filter(Object(CFilterChain))
#8 D:\xampp\htdocs\Proyectos\EspumredEM\yii\framework\web\filters\CInlineFilter.php(58): CController->filterAccessControl(Object(CFilterChain))
#9 D:\xampp\htdocs\Proyectos\EspumredEM\yii\framework\web\filters\CFilterChain.php(130): CInlineFilter->filter(Object(CFilterChain))
#10 D:\xampp\htdocs\Proyectos\EspumredEM\yii\framework\web\CController.php(291): CFilterChain->run()
#11 D:\xampp\htdocs\Proyectos\EspumredEM\yii\framework\web\CController.php(265): CController->runActionWithFilters(Object(CInlineAction), Array)
#12 D:\xampp\htdocs\Proyectos\EspumredEM\yii\framework\web\CWebApplication.php(282): CController->run('Consultid')
#13 D:\xampp\htdocs\Proyectos\EspumredEM\yii\framework\web\CWebApplication.php(141): CWebApplication->runController('solicitudP/Cons...')
#14 D:\xampp\htdocs\Proyectos\EspumredEM\yii\framework\base\CApplication.php(180): CWebApplication->processRequest()
#15 D:\xampp\htdocs\Proyectos\EspumredEM\yii\Espumred\index.php(14): CApplication->run()
#16 {main}
REQUEST_URI=/Proyectos/EspumredEM/yii/Espumred/index.php?r=solicitudP/Consultid
---
2016/12/04 22:43:34 [error] [exception.CException] exception 'CException' with message 'Property "Pedidos.id" is not defined.' in D:\xampp\htdocs\Proyectos\EspumredEM\yii\framework\base\CComponent.php:130
Stack trace:
#0 D:\xampp\htdocs\Proyectos\EspumredEM\yii\framework\db\ar\CActiveRecord.php(145): CComponent->__get('id')
#1 D:\xampp\htdocs\Proyectos\EspumredEM\yii\framework\base\CModel.php(596): CActiveRecord->__get('id')
#2 D:\xampp\htdocs\Proyectos\EspumredEM\yii\Espumred\protected\controllers\solicitudPController.php(132): CModel->offsetGet('id')
#3 D:\xampp\htdocs\Proyectos\EspumredEM\yii\framework\web\actions\CInlineAction.php(49): solicitudPController->actionConsultid()
#4 D:\xampp\htdocs\Proyectos\EspumredEM\yii\framework\web\CController.php(308): CInlineAction->runWithParams(Array)
#5 D:\xampp\htdocs\Proyectos\EspumredEM\yii\framework\web\filters\CFilterChain.php(133): CController->runAction(Object(CInlineAction))
#6 D:\xampp\htdocs\Proyectos\EspumredEM\yii\framework\web\filters\CFilter.php(40): CFilterChain->run()
#7 D:\xampp\htdocs\Proyectos\EspumredEM\yii\framework\web\CController.php(1145): CFilter->filter(Object(CFilterChain))
#8 D:\xampp\htdocs\Proyectos\EspumredEM\yii\framework\web\filters\CInlineFilter.php(58): CController->filterAccessControl(Object(CFilterChain))
#9 D:\xampp\htdocs\Proyectos\EspumredEM\yii\framework\web\filters\CFilterChain.php(130): CInlineFilter->filter(Object(CFilterChain))
#10 D:\xampp\htdocs\Proyectos\EspumredEM\yii\framework\web\CController.php(291): CFilterChain->run()
#11 D:\xampp\htdocs\Proyectos\EspumredEM\yii\framework\web\CController.php(265): CController->runActionWithFilters(Object(CInlineAction), Array)
#12 D:\xampp\htdocs\Proyectos\EspumredEM\yii\framework\web\CWebApplication.php(282): CController->run('Consultid')
#13 D:\xampp\htdocs\Proyectos\EspumredEM\yii\framework\web\CWebApplication.php(141): CWebApplication->runController('solicitudP/Cons...')
#14 D:\xampp\htdocs\Proyectos\EspumredEM\yii\framework\base\CApplication.php(180): CWebApplication->processRequest()
#15 D:\xampp\htdocs\Proyectos\EspumredEM\yii\Espumred\index.php(14): CApplication->run()
#16 {main}
REQUEST_URI=/Proyectos/EspumredEM/yii/Espumred/index.php?r=solicitudP/Consultid
---
2016/12/04 22:45:18 [error] [exception.CException] exception 'CException' with message 'Property "Pedidos.id" is not defined.' in D:\xampp\htdocs\Proyectos\EspumredEM\yii\framework\base\CComponent.php:130
Stack trace:
#0 D:\xampp\htdocs\Proyectos\EspumredEM\yii\framework\db\ar\CActiveRecord.php(145): CComponent->__get('id')
#1 D:\xampp\htdocs\Proyectos\EspumredEM\yii\framework\base\CModel.php(596): CActiveRecord->__get('id')
#2 D:\xampp\htdocs\Proyectos\EspumredEM\yii\Espumred\protected\controllers\solicitudPController.php(132): CModel->offsetGet('id')
#3 D:\xampp\htdocs\Proyectos\EspumredEM\yii\framework\web\actions\CInlineAction.php(49): solicitudPController->actionConsultid()
#4 D:\xampp\htdocs\Proyectos\EspumredEM\yii\framework\web\CController.php(308): CInlineAction->runWithParams(Array)
#5 D:\xampp\htdocs\Proyectos\EspumredEM\yii\framework\web\filters\CFilterChain.php(133): CController->runAction(Object(CInlineAction))
#6 D:\xampp\htdocs\Proyectos\EspumredEM\yii\framework\web\filters\CFilter.php(40): CFilterChain->run()
#7 D:\xampp\htdocs\Proyectos\EspumredEM\yii\framework\web\CController.php(1145): CFilter->filter(Object(CFilterChain))
#8 D:\xampp\htdocs\Proyectos\EspumredEM\yii\framework\web\filters\CInlineFilter.php(58): CController->filterAccessControl(Object(CFilterChain))
#9 D:\xampp\htdocs\Proyectos\EspumredEM\yii\framework\web\filters\CFilterChain.php(130): CInlineFilter->filter(Object(CFilterChain))
#10 D:\xampp\htdocs\Proyectos\EspumredEM\yii\framework\web\CController.php(291): CFilterChain->run()
#11 D:\xampp\htdocs\Proyectos\EspumredEM\yii\framework\web\CController.php(265): CController->runActionWithFilters(Object(CInlineAction), Array)
#12 D:\xampp\htdocs\Proyectos\EspumredEM\yii\framework\web\CWebApplication.php(282): CController->run('Consultid')
#13 D:\xampp\htdocs\Proyectos\EspumredEM\yii\framework\web\CWebApplication.php(141): CWebApplication->runController('solicitudP/Cons...')
#14 D:\xampp\htdocs\Proyectos\EspumredEM\yii\framework\base\CApplication.php(180): CWebApplication->processRequest()
#15 D:\xampp\htdocs\Proyectos\EspumredEM\yii\Espumred\index.php(14): CApplication->run()
#16 {main}
REQUEST_URI=/Proyectos/EspumredEM/yii/Espumred/index.php?r=solicitudP/Consultid
---
2016/12/05 03:25:48 [error] [php] Undefined variable: echo (D:\xampp\htdocs\Proyectos\EspumredEM\yii\Espumred\protected\controllers\solicitudPController.php:595)
Stack trace:
#0 D:\xampp\htdocs\Proyectos\EspumredEM\yii\framework\web\CController.php(308): CInlineAction->runWithParams()
#1 D:\xampp\htdocs\Proyectos\EspumredEM\yii\framework\web\filters\CFilterChain.php(133): solicitudPController->runAction()
#2 D:\xampp\htdocs\Proyectos\EspumredEM\yii\framework\web\filters\CFilter.php(40): CFilterChain->run()
#3 D:\xampp\htdocs\Proyectos\EspumredEM\yii\framework\web\CController.php(1145): CAccessControlFilter->filter()
#4 D:\xampp\htdocs\Proyectos\EspumredEM\yii\framework\web\filters\CInlineFilter.php(58): solicitudPController->filterAccessControl()
#5 D:\xampp\htdocs\Proyectos\EspumredEM\yii\framework\web\filters\CFilterChain.php(130): CInlineFilter->filter()
#6 D:\xampp\htdocs\Proyectos\EspumredEM\yii\framework\web\CController.php(291): CFilterChain->run()
#7 D:\xampp\htdocs\Proyectos\EspumredEM\yii\framework\web\CController.php(265): solicitudPController->runActionWithFilters()
#8 D:\xampp\htdocs\Proyectos\EspumredEM\yii\framework\web\CWebApplication.php(282): solicitudPController->run()
#9 D:\xampp\htdocs\Proyectos\EspumredEM\yii\framework\web\CWebApplication.php(141): CWebApplication->runController()
#10 D:\xampp\htdocs\Proyectos\EspumredEM\yii\framework\base\CApplication.php(180): CWebApplication->processRequest()
#11 D:\xampp\htdocs\Proyectos\EspumredEM\yii\Espumred\index.php(14): CWebApplication->run()
REQUEST_URI=/Proyectos/EspumredEM/yii/Espumred/index.php?r=SolicitudP/AjaxPageControl&Tajax=Dragonizado&type=4
in D:\xampp\htdocs\Proyectos\EspumredEM\yii\Espumred\protected\controllers\solicitudPController.php (595)
in D:\xampp\htdocs\Proyectos\EspumredEM\yii\Espumred\protected\controllers\solicitudPController.php (109)
in D:\xampp\htdocs\Proyectos\EspumredEM\yii\Espumred\index.php (14)
2016/12/05 03:26:19 [error] [php] Undefined variable: echo (D:\xampp\htdocs\Proyectos\EspumredEM\yii\Espumred\protected\controllers\solicitudPController.php:595)
Stack trace:
#0 D:\xampp\htdocs\Proyectos\EspumredEM\yii\framework\web\CController.php(308): CInlineAction->runWithParams()
#1 D:\xampp\htdocs\Proyectos\EspumredEM\yii\framework\web\filters\CFilterChain.php(133): solicitudPController->runAction()
#2 D:\xampp\htdocs\Proyectos\EspumredEM\yii\framework\web\filters\CFilter.php(40): CFilterChain->run()
#3 D:\xampp\htdocs\Proyectos\EspumredEM\yii\framework\web\CController.php(1145): CAccessControlFilter->filter()
#4 D:\xampp\htdocs\Proyectos\EspumredEM\yii\framework\web\filters\CInlineFilter.php(58): solicitudPController->filterAccessControl()
#5 D:\xampp\htdocs\Proyectos\EspumredEM\yii\framework\web\filters\CFilterChain.php(130): CInlineFilter->filter()
#6 D:\xampp\htdocs\Proyectos\EspumredEM\yii\framework\web\CController.php(291): CFilterChain->run()
#7 D:\xampp\htdocs\Proyectos\EspumredEM\yii\framework\web\CController.php(265): solicitudPController->runActionWithFilters()
#8 D:\xampp\htdocs\Proyectos\EspumredEM\yii\framework\web\CWebApplication.php(282): solicitudPController->run()
#9 D:\xampp\htdocs\Proyectos\EspumredEM\yii\framework\web\CWebApplication.php(141): CWebApplication->runController()
#10 D:\xampp\htdocs\Proyectos\EspumredEM\yii\framework\base\CApplication.php(180): CWebApplication->processRequest()
#11 D:\xampp\htdocs\Proyectos\EspumredEM\yii\Espumred\index.php(14): CWebApplication->run()
REQUEST_URI=/Proyectos/EspumredEM/yii/Espumred/index.php?r=SolicitudP/AjaxPageControl&Tajax=Dragonizado&type=4
in D:\xampp\htdocs\Proyectos\EspumredEM\yii\Espumred\protected\controllers\solicitudPController.php (595)
in D:\xampp\htdocs\Proyectos\EspumredEM\yii\Espumred\protected\controllers\solicitudPController.php (109)
in D:\xampp\htdocs\Proyectos\EspumredEM\yii\Espumred\index.php (14)
2016/12/05 03:26:50 [error] [php] Undefined variable: echo (D:\xampp\htdocs\Proyectos\EspumredEM\yii\Espumred\protected\controllers\solicitudPController.php:596)
Stack trace:
#0 D:\xampp\htdocs\Proyectos\EspumredEM\yii\framework\web\CController.php(308): CInlineAction->runWithParams()
#1 D:\xampp\htdocs\Proyectos\EspumredEM\yii\framework\web\filters\CFilterChain.php(133): solicitudPController->runAction()
#2 D:\xampp\htdocs\Proyectos\EspumredEM\yii\framework\web\filters\CFilter.php(40): CFilterChain->run()
#3 D:\xampp\htdocs\Proyectos\EspumredEM\yii\framework\web\CController.php(1145): CAccessControlFilter->filter()
#4 D:\xampp\htdocs\Proyectos\EspumredEM\yii\framework\web\filters\CInlineFilter.php(58): solicitudPController->filterAccessControl()
#5 D:\xampp\htdocs\Proyectos\EspumredEM\yii\framework\web\filters\CFilterChain.php(130): CInlineFilter->filter()
#6 D:\xampp\htdocs\Proyectos\EspumredEM\yii\framework\web\CController.php(291): CFilterChain->run()
#7 D:\xampp\htdocs\Proyectos\EspumredEM\yii\framework\web\CController.php(265): solicitudPController->runActionWithFilters()
#8 D:\xampp\htdocs\Proyectos\EspumredEM\yii\framework\web\CWebApplication.php(282): solicitudPController->run()
#9 D:\xampp\htdocs\Proyectos\EspumredEM\yii\framework\web\CWebApplication.php(141): CWebApplication->runController()
#10 D:\xampp\htdocs\Proyectos\EspumredEM\yii\framework\base\CApplication.php(180): CWebApplication->processRequest()
#11 D:\xampp\htdocs\Proyectos\EspumredEM\yii\Espumred\index.php(14): CWebApplication->run()
REQUEST_URI=/Proyectos/EspumredEM/yii/Espumred/index.php?r=SolicitudP/AjaxPageControl&Tajax=Dragonizado&type=4
in D:\xampp\htdocs\Proyectos\EspumredEM\yii\Espumred\protected\controllers\solicitudPController.php (596)
in D:\xampp\htdocs\Proyectos\EspumredEM\yii\Espumred\protected\controllers\solicitudPController.php (109)
in D:\xampp\htdocs\Proyectos\EspumredEM\yii\Espumred\index.php (14)
>>>>>>> b6311350ecc8e2a06873926c7da1d6241d51f0b9
